{"C:\\Users\\Sav\\Programing Projects\\powerpick\\app\\index.tsx": {"path":"C:\\Users\\Sav\\Programing Projects\\powerpick\\app\\index.tsx","statementMap":{"0":{"start":{"line":16,"column":20},"end":{"line":16,"column":29}},"1":{"start":{"line":19,"column":21},"end":{"line":19,"column":31}},"2":{"start":{"line":20,"column":17},"end":{"line":20,"column":28}},"3":{"start":{"line":21,"column":17},"end":{"line":21,"column":48}},"4":{"start":{"line":21,"column":39},"end":{"line":21,"column":47}},"5":{"start":{"line":22,"column":28},"end":{"line":22,"column":48}},"6":{"start":{"line":23,"column":32},"end":{"line":23,"column":46}},"7":{"start":{"line":24,"column":28},"end":{"line":24,"column":57}},"8":{"start":{"line":25,"column":24},"end":{"line":25,"column":56}},"9":{"start":{"line":25,"column":45},"end":{"line":25,"column":55}},"10":{"start":{"line":27,"column":2},"end":{"line":42,"column":9}},"11":{"start":{"line":28,"column":22},"end":{"line":39,"column":5}},"12":{"start":{"line":29,"column":6},"end":{"line":38,"column":7}},"13":{"start":{"line":30,"column":21},"end":{"line":30,"column":39}},"14":{"start":{"line":31,"column":8},"end":{"line":31,"column":23}},"15":{"start":{"line":32,"column":8},"end":{"line":32,"column":28}},"16":{"start":{"line":34,"column":8},"end":{"line":34,"column":54}},"17":{"start":{"line":35,"column":8},"end":{"line":35,"column":41}},"18":{"start":{"line":37,"column":8},"end":{"line":37,"column":26}},"19":{"start":{"line":41,"column":4},"end":{"line":41,"column":16}},"20":{"start":{"line":44,"column":27},"end":{"line":46,"column":3}},"21":{"start":{"line":45,"column":4},"end":{"line":45,"column":44}},"22":{"start":{"line":48,"column":17},"end":{"line":66,"column":4}},"23":{"start":{"line":68,"column":2},"end":{"line":91,"column":4}}},"fnMap":{"0":{"name":"IndexScreen","decl":{"start":{"line":18,"column":24},"end":{"line":18,"column":35}},"loc":{"start":{"line":18,"column":38},"end":{"line":92,"column":1}},"line":18},"1":{"name":"(anonymous_1)","decl":{"start":{"line":21,"column":32},"end":{"line":21,"column":33}},"loc":{"start":{"line":21,"column":39},"end":{"line":21,"column":47}},"line":21},"2":{"name":"(anonymous_2)","decl":{"start":{"line":25,"column":38},"end":{"line":25,"column":39}},"loc":{"start":{"line":25,"column":45},"end":{"line":25,"column":55}},"line":25},"3":{"name":"(anonymous_3)","decl":{"start":{"line":27,"column":12},"end":{"line":27,"column":13}},"loc":{"start":{"line":27,"column":18},"end":{"line":42,"column":3}},"line":27},"4":{"name":"(anonymous_4)","decl":{"start":{"line":28,"column":22},"end":{"line":28,"column":23}},"loc":{"start":{"line":28,"column":34},"end":{"line":39,"column":5}},"line":28},"5":{"name":"(anonymous_5)","decl":{"start":{"line":44,"column":27},"end":{"line":44,"column":28}},"loc":{"start":{"line":44,"column":43},"end":{"line":46,"column":3}},"line":44}},"branchMap":{"0":{"loc":{"start":{"line":74,"column":7},"end":{"line":89,"column":7}},"type":"cond-expr","locations":[{"start":{"line":75,"column":8},"end":{"line":83,"column":15}},{"start":{"line":85,"column":8},"end":{"line":88,"column":10}}],"line":74},"1":{"loc":{"start":{"line":76,"column":11},"end":{"line":82,"column":11}},"type":"cond-expr","locations":[{"start":{"line":77,"column":12},"end":{"line":77,"column":59}},{"start":{"line":78,"column":14},"end":{"line":82,"column":11}}],"line":76},"2":{"loc":{"start":{"line":78,"column":14},"end":{"line":82,"column":11}},"type":"cond-expr","locations":[{"start":{"line":79,"column":12},"end":{"line":79,"column":64}},{"start":{"line":81,"column":12},"end":{"line":81,"column":70}}],"line":78}},"s":{"0":1,"1":4,"2":4,"3":4,"4":12,"5":4,"6":4,"7":4,"8":4,"9":14,"10":4,"11":2,"12":2,"13":2,"14":2,"15":2,"16":0,"17":0,"18":2,"19":2,"20":4,"21":0,"22":4,"23":4},"f":{"0":4,"1":12,"2":14,"3":2,"4":2,"5":0},"b":{"0":[2,2],"1":[0,2],"2":[1,1]},"_coverageSchema":"1a1c01bbd47fc00a2c39e90264f33305004495a9","hash":"17201e41d1675aed102e1a06add0b4adf352c4cf"}
,"C:\\Users\\Sav\\Programing Projects\\powerpick\\app\\game\\[id]\\options.tsx": {"path":"C:\\Users\\Sav\\Programing Projects\\powerpick\\app\\game\\[id]\\options.tsx","statementMap":{"0":{"start":{"line":13,"column":17},"end":{"line":13,"column":55}},"1":{"start":{"line":14,"column":21},"end":{"line":14,"column":31}},"2":{"start":{"line":15,"column":17},"end":{"line":15,"column":28}},"3":{"start":{"line":17,"column":32},"end":{"line":17,"column":54}},"4":{"start":{"line":18,"column":30},"end":{"line":18,"column":44}},"5":{"start":{"line":19,"column":34},"end":{"line":19,"column":46}},"6":{"start":{"line":20,"column":38},"end":{"line":20,"column":50}},"7":{"start":{"line":22,"column":22},"end":{"line":22,"column":68}},"8":{"start":{"line":22,"column":54},"end":{"line":22,"column":67}},"9":{"start":{"line":23,"column":15},"end":{"line":23,"column":69}},"10":{"start":{"line":23,"column":37},"end":{"line":23,"column":67}},"11":{"start":{"line":27,"column":4},"end":{"line":35,"column":17}},"12":{"start":{"line":38,"column":30},"end":{"line":38,"column":32}},"13":{"start":{"line":39,"column":2},"end":{"line":43,"column":3}},"14":{"start":{"line":40,"column":4},"end":{"line":40,"column":47}},"15":{"start":{"line":41,"column":4},"end":{"line":41,"column":69}},"16":{"start":{"line":41,"column":26},"end":{"line":41,"column":69}},"17":{"start":{"line":42,"column":4},"end":{"line":42,"column":57}},"18":{"start":{"line":42,"column":29},"end":{"line":42,"column":57}},"19":{"start":{"line":44,"column":22},"end":{"line":44,"column":43}},"20":{"start":{"line":47,"column":33},"end":{"line":53,"column":3}},"21":{"start":{"line":56,"column":19},"end":{"line":56,"column":57}},"22":{"start":{"line":58,"column":4},"end":{"line":63,"column":10}},"23":{"start":{"line":65,"column":4},"end":{"line":67,"column":17}},"24":{"start":{"line":70,"column":25},"end":{"line":106,"column":3}},"25":{"start":{"line":71,"column":27},"end":{"line":71,"column":29}},"26":{"start":{"line":74,"column":4},"end":{"line":79,"column":6}},"27":{"start":{"line":82,"column":4},"end":{"line":92,"column":5}},"28":{"start":{"line":86,"column":6},"end":{"line":91,"column":8}},"29":{"start":{"line":95,"column":4},"end":{"line":102,"column":5}},"30":{"start":{"line":96,"column":6},"end":{"line":101,"column":8}},"31":{"start":{"line":104,"column":4},"end":{"line":104,"column":21}},"32":{"start":{"line":105,"column":4},"end":{"line":105,"column":34}},"33":{"start":{"line":105,"column":12},"end":{"line":105,"column":34}},"34":{"start":{"line":108,"column":17},"end":{"line":142,"column":4}},"35":{"start":{"line":144,"column":2},"end":{"line":230,"column":4}},"36":{"start":{"line":148,"column":34},"end":{"line":148,"column":47}},"37":{"start":{"line":216,"column":23},"end":{"line":216,"column":55}},"38":{"start":{"line":224,"column":23},"end":{"line":224,"column":57}}},"fnMap":{"0":{"name":"GameOptionsScreen","decl":{"start":{"line":12,"column":24},"end":{"line":12,"column":41}},"loc":{"start":{"line":12,"column":44},"end":{"line":231,"column":1}},"line":12},"1":{"name":"(anonymous_1)","decl":{"start":{"line":22,"column":47},"end":{"line":22,"column":48}},"loc":{"start":{"line":22,"column":54},"end":{"line":22,"column":67}},"line":22},"2":{"name":"(anonymous_2)","decl":{"start":{"line":23,"column":29},"end":{"line":23,"column":30}},"loc":{"start":{"line":23,"column":37},"end":{"line":23,"column":67}},"line":23},"3":{"name":"(anonymous_3)","decl":{"start":{"line":70,"column":25},"end":{"line":70,"column":26}},"loc":{"start":{"line":70,"column":31},"end":{"line":106,"column":3}},"line":70},"4":{"name":"(anonymous_4)","decl":{"start":{"line":148,"column":28},"end":{"line":148,"column":29}},"loc":{"start":{"line":148,"column":34},"end":{"line":148,"column":47}},"line":148},"5":{"name":"(anonymous_5)","decl":{"start":{"line":216,"column":17},"end":{"line":216,"column":18}},"loc":{"start":{"line":216,"column":23},"end":{"line":216,"column":55}},"line":216},"6":{"name":"(anonymous_6)","decl":{"start":{"line":224,"column":17},"end":{"line":224,"column":18}},"loc":{"start":{"line":224,"column":23},"end":{"line":224,"column":57}},"line":224}},"branchMap":{"0":{"loc":{"start":{"line":23,"column":37},"end":{"line":23,"column":67}},"type":"cond-expr","locations":[{"start":{"line":23,"column":42},"end":{"line":23,"column":55}},{"start":{"line":23,"column":58},"end":{"line":23,"column":67}}],"line":23},"1":{"loc":{"start":{"line":27,"column":4},"end":{"line":35,"column":17}},"type":"cond-expr","locations":[{"start":{"line":28,"column":8},"end":{"line":34,"column":9}},{"start":{"line":35,"column":8},"end":{"line":35,"column":17}}],"line":27},"2":{"loc":{"start":{"line":27,"column":4},"end":{"line":27,"column":42}},"type":"binary-expr","locations":[{"start":{"line":27,"column":4},"end":{"line":27,"column":8}},{"start":{"line":27,"column":12},"end":{"line":27,"column":24}},{"start":{"line":27,"column":28},"end":{"line":27,"column":42}}],"line":27},"3":{"loc":{"start":{"line":31,"column":21},"end":{"line":31,"column":48}},"type":"binary-expr","locations":[{"start":{"line":31,"column":21},"end":{"line":31,"column":35}},{"start":{"line":31,"column":39},"end":{"line":31,"column":48}}],"line":31},"4":{"loc":{"start":{"line":32,"column":19},"end":{"line":32,"column":44}},"type":"binary-expr","locations":[{"start":{"line":32,"column":19},"end":{"line":32,"column":31}},{"start":{"line":32,"column":35},"end":{"line":32,"column":44}}],"line":32},"5":{"loc":{"start":{"line":33,"column":24},"end":{"line":33,"column":54}},"type":"binary-expr","locations":[{"start":{"line":33,"column":24},"end":{"line":33,"column":41}},{"start":{"line":33,"column":45},"end":{"line":33,"column":54}}],"line":33},"6":{"loc":{"start":{"line":39,"column":2},"end":{"line":43,"column":3}},"type":"if","locations":[{"start":{"line":39,"column":2},"end":{"line":43,"column":3}},{"start":{},"end":{}}],"line":39},"7":{"loc":{"start":{"line":41,"column":4},"end":{"line":41,"column":69}},"type":"if","locations":[{"start":{"line":41,"column":4},"end":{"line":41,"column":69}},{"start":{},"end":{}}],"line":41},"8":{"loc":{"start":{"line":42,"column":4},"end":{"line":42,"column":57}},"type":"if","locations":[{"start":{"line":42,"column":4},"end":{"line":42,"column":57}},{"start":{},"end":{}}],"line":42},"9":{"loc":{"start":{"line":47,"column":33},"end":{"line":53,"column":3}},"type":"binary-expr","locations":[{"start":{"line":47,"column":33},"end":{"line":47,"column":39}},{"start":{"line":47,"column":43},"end":{"line":53,"column":3}}],"line":47},"10":{"loc":{"start":{"line":58,"column":4},"end":{"line":63,"column":10}},"type":"cond-expr","locations":[{"start":{"line":59,"column":8},"end":{"line":62,"column":9}},{"start":{"line":63,"column":8},"end":{"line":63,"column":10}}],"line":58},"11":{"loc":{"start":{"line":65,"column":4},"end":{"line":67,"column":17}},"type":"cond-expr","locations":[{"start":{"line":66,"column":8},"end":{"line":66,"column":35}},{"start":{"line":67,"column":8},"end":{"line":67,"column":17}}],"line":65},"12":{"loc":{"start":{"line":82,"column":4},"end":{"line":92,"column":5}},"type":"if","locations":[{"start":{"line":82,"column":4},"end":{"line":92,"column":5}},{"start":{},"end":{}}],"line":82},"13":{"loc":{"start":{"line":83,"column":6},"end":{"line":84,"column":40}},"type":"binary-expr","locations":[{"start":{"line":83,"column":6},"end":{"line":83,"column":38}},{"start":{"line":84,"column":6},"end":{"line":84,"column":40}}],"line":83},"14":{"loc":{"start":{"line":95,"column":4},"end":{"line":102,"column":5}},"type":"if","locations":[{"start":{"line":95,"column":4},"end":{"line":102,"column":5}},{"start":{},"end":{}}],"line":95},"15":{"loc":{"start":{"line":105,"column":4},"end":{"line":105,"column":34}},"type":"if","locations":[{"start":{"line":105,"column":4},"end":{"line":105,"column":34}},{"start":{},"end":{}}],"line":105},"16":{"loc":{"start":{"line":153,"column":7},"end":{"line":155,"column":7}},"type":"binary-expr","locations":[{"start":{"line":153,"column":7},"end":{"line":153,"column":25}},{"start":{"line":154,"column":8},"end":{"line":154,"column":65}}],"line":153},"17":{"loc":{"start":{"line":157,"column":7},"end":{"line":167,"column":7}},"type":"binary-expr","locations":[{"start":{"line":157,"column":7},"end":{"line":157,"column":25}},{"start":{"line":158,"column":8},"end":{"line":166,"column":11}}],"line":157},"18":{"loc":{"start":{"line":160,"column":11},"end":{"line":162,"column":11}},"type":"binary-expr","locations":[{"start":{"line":160,"column":11},"end":{"line":160,"column":30}},{"start":{"line":161,"column":12},"end":{"line":161,"column":76}}],"line":160},"19":{"loc":{"start":{"line":163,"column":11},"end":{"line":165,"column":11}},"type":"binary-expr","locations":[{"start":{"line":163,"column":11},"end":{"line":163,"column":37}},{"start":{"line":164,"column":12},"end":{"line":164,"column":73}}],"line":163},"20":{"loc":{"start":{"line":179,"column":23},"end":{"line":179,"column":47}},"type":"cond-expr","locations":[{"start":{"line":179,"column":32},"end":{"line":179,"column":38}},{"start":{"line":179,"column":41},"end":{"line":179,"column":47}}],"line":179},"21":{"loc":{"start":{"line":180,"column":40},"end":{"line":180,"column":65}},"type":"binary-expr","locations":[{"start":{"line":180,"column":40},"end":{"line":180,"column":46}},{"start":{"line":180,"column":50},"end":{"line":180,"column":65}}],"line":180}},"s":{"0":9,"1":9,"2":9,"3":9,"4":9,"5":9,"6":9,"7":9,"8":28,"9":9,"10":27,"11":9,"12":9,"13":9,"14":9,"15":9,"16":1,"17":9,"18":9,"19":9,"20":9,"21":9,"22":9,"23":9,"24":9,"25":1,"26":1,"27":1,"28":0,"29":1,"30":1,"31":1,"32":1,"33":1,"34":9,"35":9,"36":0,"37":1,"38":1},"f":{"0":9,"1":28,"2":27,"3":1,"4":0,"5":1,"6":1},"b":{"0":[27,0],"1":[9,0],"2":[9,9,9],"3":[9,8],"4":[9,8],"5":[9,0],"6":[9,0],"7":[1,8],"8":[9,0],"9":[9,0],"10":[1,8],"11":[9,0],"12":[0,1],"13":[1,0],"14":[1,0],"15":[1,0],"16":[9,9],"17":[9,1],"18":[1,0],"19":[1,1],"20":[9,0],"21":[9,9]},"_coverageSchema":"1a1c01bbd47fc00a2c39e90264f33305004495a9","hash":"87b4e5d9fb808db78e35e7d4c236774e01d866e7"}
,"C:\\Users\\Sav\\Programing Projects\\powerpick\\assets\\coming_soon_eur.png": {"path":"C:\\Users\\Sav\\Programing Projects\\powerpick\\assets\\coming_soon_eur.png","statementMap":{"0":{"start":{"line":1,"column":0},"end":{"line":4,"column":6}}},"fnMap":{},"branchMap":{},"s":{"0":1},"f":{},"b":{},"_coverageSchema":"1a1c01bbd47fc00a2c39e90264f33305004495a9","hash":"e9da6a2d7d69e84b8e2134273291f50d7082103f"}
,"C:\\Users\\Sav\\Programing Projects\\powerpick\\assets\\coming_soon_usa.png": {"path":"C:\\Users\\Sav\\Programing Projects\\powerpick\\assets\\coming_soon_usa.png","statementMap":{"0":{"start":{"line":1,"column":0},"end":{"line":4,"column":6}}},"fnMap":{},"branchMap":{},"s":{"0":1},"f":{},"b":{},"_coverageSchema":"1a1c01bbd47fc00a2c39e90264f33305004495a9","hash":"5407e16485a3ba44c531634f530d6945a50d0f14"}
,"C:\\Users\\Sav\\Programing Projects\\powerpick\\assets\\placeholder.png": {"path":"C:\\Users\\Sav\\Programing Projects\\powerpick\\assets\\placeholder.png","statementMap":{"0":{"start":{"line":1,"column":0},"end":{"line":4,"column":6}}},"fnMap":{},"branchMap":{},"s":{"0":2},"f":{},"b":{},"_coverageSchema":"1a1c01bbd47fc00a2c39e90264f33305004495a9","hash":"c353d5b41ca86838821903fc59552257f7a4ca87"}
,"C:\\Users\\Sav\\Programing Projects\\powerpick\\components\\ComingSoon.tsx": {"path":"C:\\Users\\Sav\\Programing Projects\\powerpick\\components\\ComingSoon.tsx","statementMap":{"0":{"start":{"line":12,"column":21},"end":{"line":12,"column":31}},"1":{"start":{"line":13,"column":17},"end":{"line":21,"column":4}},"2":{"start":{"line":22,"column":2},"end":{"line":30,"column":4}}},"fnMap":{"0":{"name":"ComingSoon","decl":{"start":{"line":5,"column":24},"end":{"line":5,"column":34}},"loc":{"start":{"line":11,"column":3},"end":{"line":31,"column":1}},"line":11}},"branchMap":{},"s":{"0":2,"1":2,"2":2},"f":{"0":2},"b":{},"_coverageSchema":"1a1c01bbd47fc00a2c39e90264f33305004495a9","hash":"cf2dda963e2c4528787571066e650686f526e8ee"}
,"C:\\Users\\Sav\\Programing Projects\\powerpick\\components\\GameCard.tsx": {"path":"C:\\Users\\Sav\\Programing Projects\\powerpick\\components\\GameCard.tsx","statementMap":{"0":{"start":{"line":23,"column":21},"end":{"line":23,"column":31}},"1":{"start":{"line":24,"column":17},"end":{"line":43,"column":4}},"2":{"start":{"line":45,"column":32},"end":{"line":45,"column":56}},"3":{"start":{"line":46,"column":28},"end":{"line":46,"column":43}},"4":{"start":{"line":48,"column":2},"end":{"line":52,"column":21}},"5":{"start":{"line":49,"column":4},"end":{"line":51,"column":5}},"6":{"start":{"line":50,"column":6},"end":{"line":50,"column":24}},"7":{"start":{"line":55,"column":4},"end":{"line":55,"column":64}},"8":{"start":{"line":57,"column":2},"end":{"line":85,"column":4}},"9":{"start":{"line":73,"column":12},"end":{"line":73,"column":29}},"10":{"start":{"line":74,"column":12},"end":{"line":74,"column":28}},"11":{"start":{"line":76,"column":27},"end":{"line":76,"column":44}},"12":{"start":{"line":78,"column":12},"end":{"line":78,"column":30}},"13":{"start":{"line":79,"column":12},"end":{"line":79,"column":27}}},"fnMap":{"0":{"name":"GameCard","decl":{"start":{"line":22,"column":24},"end":{"line":22,"column":32}},"loc":{"start":{"line":22,"column":67},"end":{"line":86,"column":1}},"line":22},"1":{"name":"(anonymous_1)","decl":{"start":{"line":48,"column":12},"end":{"line":48,"column":13}},"loc":{"start":{"line":48,"column":18},"end":{"line":52,"column":3}},"line":48},"2":{"name":"(anonymous_2)","decl":{"start":{"line":72,"column":23},"end":{"line":72,"column":24}},"loc":{"start":{"line":72,"column":29},"end":{"line":75,"column":11}},"line":72},"3":{"name":"(anonymous_3)","decl":{"start":{"line":76,"column":21},"end":{"line":76,"column":22}},"loc":{"start":{"line":76,"column":27},"end":{"line":76,"column":44}},"line":76},"4":{"name":"(anonymous_4)","decl":{"start":{"line":77,"column":19},"end":{"line":77,"column":20}},"loc":{"start":{"line":77,"column":25},"end":{"line":80,"column":11}},"line":77}},"branchMap":{"0":{"loc":{"start":{"line":49,"column":4},"end":{"line":51,"column":5}},"type":"if","locations":[{"start":{"line":49,"column":4},"end":{"line":51,"column":5}},{"start":{},"end":{}}],"line":49},"1":{"loc":{"start":{"line":55,"column":4},"end":{"line":55,"column":64}},"type":"cond-expr","locations":[{"start":{"line":55,"column":29},"end":{"line":55,"column":40}},{"start":{"line":55,"column":43},"end":{"line":55,"column":64}}],"line":55},"2":{"loc":{"start":{"line":55,"column":4},"end":{"line":55,"column":26}},"type":"binary-expr","locations":[{"start":{"line":55,"column":4},"end":{"line":55,"column":9}},{"start":{"line":55,"column":13},"end":{"line":55,"column":26}}],"line":55},"3":{"loc":{"start":{"line":64,"column":7},"end":{"line":64,"column":59}},"type":"binary-expr","locations":[{"start":{"line":64,"column":7},"end":{"line":64,"column":14}},{"start":{"line":64,"column":18},"end":{"line":64,"column":59}}],"line":64},"4":{"loc":{"start":{"line":65,"column":7},"end":{"line":82,"column":7}},"type":"cond-expr","locations":[{"start":{"line":66,"column":8},"end":{"line":66,"column":79}},{"start":{"line":68,"column":8},"end":{"line":81,"column":10}}],"line":65},"5":{"loc":{"start":{"line":65,"column":7},"end":{"line":65,"column":29}},"type":"binary-expr","locations":[{"start":{"line":65,"column":7},"end":{"line":65,"column":12}},{"start":{"line":65,"column":16},"end":{"line":65,"column":29}}],"line":65}},"s":{"0":5,"1":5,"2":5,"3":5,"4":5,"5":5,"6":2,"7":5,"8":5,"9":0,"10":0,"11":0,"12":0,"13":0},"f":{"0":5,"1":5,"2":0,"3":0,"4":0},"b":{"0":[2,3],"1":[2,3],"2":[5,5],"3":[5,3],"4":[2,3],"5":[5,5]},"_coverageSchema":"1a1c01bbd47fc00a2c39e90264f33305004495a9","hash":"536616eed9e0b0925e2d3a7e753faef541ccf40e"}
,"C:\\Users\\Sav\\Programing Projects\\powerpick\\components\\GameGrid.tsx": {"path":"C:\\Users\\Sav\\Programing Projects\\powerpick\\components\\GameGrid.tsx","statementMap":{"0":{"start":{"line":12,"column":2},"end":{"line":22,"column":4}},"1":{"start":{"line":15,"column":36},"end":{"line":15,"column":43}},"2":{"start":{"line":19,"column":8},"end":{"line":19,"column":67}},"3":{"start":{"line":19,"column":45},"end":{"line":19,"column":63}},"4":{"start":{"line":25,"column":15},"end":{"line":29,"column":2}}},"fnMap":{"0":{"name":"GameGrid","decl":{"start":{"line":11,"column":24},"end":{"line":11,"column":32}},"loc":{"start":{"line":11,"column":73},"end":{"line":23,"column":1}},"line":11},"1":{"name":"(anonymous_1)","decl":{"start":{"line":15,"column":20},"end":{"line":15,"column":21}},"loc":{"start":{"line":15,"column":36},"end":{"line":15,"column":43}},"line":15},"2":{"name":"(anonymous_2)","decl":{"start":{"line":18,"column":18},"end":{"line":18,"column":19}},"loc":{"start":{"line":19,"column":8},"end":{"line":19,"column":67}},"line":19},"3":{"name":"(anonymous_3)","decl":{"start":{"line":19,"column":39},"end":{"line":19,"column":40}},"loc":{"start":{"line":19,"column":45},"end":{"line":19,"column":63}},"line":19}},"branchMap":{},"s":{"0":2,"1":4,"2":2,"3":1,"4":2},"f":{"0":2,"1":4,"2":2,"3":1},"b":{},"_coverageSchema":"1a1c01bbd47fc00a2c39e90264f33305004495a9","hash":"6513b305d11eed58d0689b902b0c0482702a5384"}
,"C:\\Users\\Sav\\Programing Projects\\powerpick\\components\\Header.tsx": {"path":"C:\\Users\\Sav\\Programing Projects\\powerpick\\components\\Header.tsx","statementMap":{"0":{"start":{"line":8,"column":21},"end":{"line":8,"column":31}},"1":{"start":{"line":9,"column":17},"end":{"line":9,"column":28}},"2":{"start":{"line":11,"column":17},"end":{"line":28,"column":4}},"3":{"start":{"line":30,"column":2},"end":{"line":42,"column":4}},"4":{"start":{"line":38,"column":32},"end":{"line":38,"column":56}},"5":{"start":{"line":45,"column":23},"end":{"line":45,"column":64}}},"fnMap":{"0":{"name":"Header","decl":{"start":{"line":7,"column":24},"end":{"line":7,"column":30}},"loc":{"start":{"line":7,"column":33},"end":{"line":43,"column":1}},"line":7},"1":{"name":"(anonymous_1)","decl":{"start":{"line":38,"column":26},"end":{"line":38,"column":27}},"loc":{"start":{"line":38,"column":32},"end":{"line":38,"column":56}},"line":38}},"branchMap":{},"s":{"0":4,"1":4,"2":4,"3":4,"4":0,"5":1},"f":{"0":4,"1":0},"b":{},"_coverageSchema":"1a1c01bbd47fc00a2c39e90264f33305004495a9","hash":"42ee3a07290ab82813c7a9212b3763756cf4feda"}
,"C:\\Users\\Sav\\Programing Projects\\powerpick\\components\\RegionPicker.tsx": {"path":"C:\\Users\\Sav\\Programing Projects\\powerpick\\components\\RegionPicker.tsx","statementMap":{"0":{"start":{"line":9,"column":23},"end":{"line":9,"column":40}},"1":{"start":{"line":11,"column":33},"end":{"line":11,"column":51}},"2":{"start":{"line":14,"column":21},"end":{"line":14,"column":31}},"3":{"start":{"line":15,"column":17},"end":{"line":15,"column":48}},"4":{"start":{"line":15,"column":39},"end":{"line":15,"column":47}},"5":{"start":{"line":16,"column":20},"end":{"line":16,"column":54}},"6":{"start":{"line":16,"column":42},"end":{"line":16,"column":53}},"7":{"start":{"line":17,"column":32},"end":{"line":17,"column":47}},"8":{"start":{"line":19,"column":19},"end":{"line":19,"column":50}},"9":{"start":{"line":19,"column":34},"end":{"line":19,"column":50}},"10":{"start":{"line":21,"column":17},"end":{"line":69,"column":4}},"11":{"start":{"line":71,"column":2},"end":{"line":106,"column":4}},"12":{"start":{"line":73,"column":54},"end":{"line":73,"column":70}},"13":{"start":{"line":83,"column":30},"end":{"line":83,"column":47}},"14":{"start":{"line":85,"column":58},"end":{"line":85,"column":75}},"15":{"start":{"line":88,"column":14},"end":{"line":100,"column":26}},"16":{"start":{"line":92,"column":18},"end":{"line":92,"column":38}},"17":{"start":{"line":93,"column":18},"end":{"line":93,"column":33}},"18":{"start":{"line":94,"column":18},"end":{"line":94,"column":36}}},"fnMap":{"0":{"name":"RegionPicker","decl":{"start":{"line":13,"column":24},"end":{"line":13,"column":36}},"loc":{"start":{"line":13,"column":39},"end":{"line":107,"column":1}},"line":13},"1":{"name":"(anonymous_1)","decl":{"start":{"line":15,"column":32},"end":{"line":15,"column":33}},"loc":{"start":{"line":15,"column":39},"end":{"line":15,"column":47}},"line":15},"2":{"name":"(anonymous_2)","decl":{"start":{"line":16,"column":35},"end":{"line":16,"column":36}},"loc":{"start":{"line":16,"column":42},"end":{"line":16,"column":53}},"line":16},"3":{"name":"(anonymous_3)","decl":{"start":{"line":19,"column":19},"end":{"line":19,"column":20}},"loc":{"start":{"line":19,"column":34},"end":{"line":19,"column":50}},"line":19},"4":{"name":"(anonymous_4)","decl":{"start":{"line":73,"column":48},"end":{"line":73,"column":49}},"loc":{"start":{"line":73,"column":54},"end":{"line":73,"column":70}},"line":73},"5":{"name":"(anonymous_5)","decl":{"start":{"line":83,"column":24},"end":{"line":83,"column":25}},"loc":{"start":{"line":83,"column":30},"end":{"line":83,"column":47}},"line":83},"6":{"name":"(anonymous_6)","decl":{"start":{"line":85,"column":52},"end":{"line":85,"column":53}},"loc":{"start":{"line":85,"column":58},"end":{"line":85,"column":75}},"line":85},"7":{"name":"(anonymous_7)","decl":{"start":{"line":87,"column":32},"end":{"line":87,"column":33}},"loc":{"start":{"line":88,"column":14},"end":{"line":100,"column":26}},"line":88},"8":{"name":"(anonymous_8)","decl":{"start":{"line":91,"column":25},"end":{"line":91,"column":26}},"loc":{"start":{"line":91,"column":32},"end":{"line":95,"column":17}},"line":91}},"branchMap":{"0":{"loc":{"start":{"line":99,"column":17},"end":{"line":99,"column":74}},"type":"binary-expr","locations":[{"start":{"line":99,"column":17},"end":{"line":99,"column":31}},{"start":{"line":99,"column":35},"end":{"line":99,"column":74}}],"line":99}},"s":{"0":2,"1":2,"2":10,"3":10,"4":32,"5":10,"6":32,"7":10,"8":10,"9":40,"10":10,"11":10,"12":2,"13":0,"14":0,"15":30,"16":2,"17":2,"18":2},"f":{"0":10,"1":32,"2":32,"3":40,"4":2,"5":0,"6":0,"7":30,"8":2},"b":{"0":[30,10]},"_coverageSchema":"1a1c01bbd47fc00a2c39e90264f33305004495a9","hash":"b3272b57b940974250ac7fda10f040036e69afed"}
,"C:\\Users\\Sav\\Programing Projects\\powerpick\\lib\\csvParser.ts": {"path":"C:\\Users\\Sav\\Programing Projects\\powerpick\\lib\\csvParser.ts","statementMap":{"0":{"start":{"line":8,"column":2},"end":{"line":14,"column":4}},"1":{"start":{"line":9,"column":24},"end":{"line":9,"column":26}},"2":{"start":{"line":10,"column":4},"end":{"line":12,"column":7}},"3":{"start":{"line":11,"column":6},"end":{"line":11,"column":28}},"4":{"start":{"line":13,"column":4},"end":{"line":13,"column":15}},"5":{"start":{"line":18,"column":15},"end":{"line":18,"column":33}},"6":{"start":{"line":19,"column":18},"end":{"line":19,"column":36}},"7":{"start":{"line":20,"column":18},"end":{"line":20,"column":42}},"8":{"start":{"line":21,"column":2},"end":{"line":21,"column":27}},"9":{"start":{"line":25,"column":27},"end":{"line":25,"column":29}},"10":{"start":{"line":26,"column":10},"end":{"line":26,"column":21}},"11":{"start":{"line":27,"column":8},"end":{"line":27,"column":9}},"12":{"start":{"line":29,"column":10},"end":{"line":29,"column":16}},"13":{"start":{"line":30,"column":10},"end":{"line":30,"column":15}},"14":{"start":{"line":31,"column":2},"end":{"line":31,"column":46}},"15":{"start":{"line":31,"column":42},"end":{"line":31,"column":46}},"16":{"start":{"line":32,"column":2},"end":{"line":32,"column":45}},"17":{"start":{"line":32,"column":41},"end":{"line":32,"column":45}},"18":{"start":{"line":35,"column":4},"end":{"line":35,"column":24}},"19":{"start":{"line":35,"column":13},"end":{"line":35,"column":24}},"20":{"start":{"line":36,"column":4},"end":{"line":36,"column":41}},"21":{"start":{"line":36,"column":13},"end":{"line":36,"column":41}},"22":{"start":{"line":38,"column":14},"end":{"line":38,"column":15}},"23":{"start":{"line":39,"column":4},"end":{"line":51,"column":5}},"24":{"start":{"line":40,"column":6},"end":{"line":43,"column":8}},"25":{"start":{"line":44,"column":6},"end":{"line":49,"column":7}},"26":{"start":{"line":44,"column":24},"end":{"line":44,"column":35}},"27":{"start":{"line":45,"column":11},"end":{"line":49,"column":7}},"28":{"start":{"line":45,"column":55},"end":{"line":45,"column":66}},"29":{"start":{"line":46,"column":11},"end":{"line":49,"column":7}},"30":{"start":{"line":47,"column":8},"end":{"line":47,"column":19}},"31":{"start":{"line":48,"column":8},"end":{"line":48,"column":48}},"32":{"start":{"line":48,"column":44},"end":{"line":48,"column":48}},"33":{"start":{"line":50,"column":6},"end":{"line":50,"column":58}},"34":{"start":{"line":52,"column":4},"end":{"line":59,"column":5}},"35":{"start":{"line":53,"column":6},"end":{"line":57,"column":43}},"36":{"start":{"line":53,"column":56},"end":{"line":53,"column":67}},"37":{"start":{"line":54,"column":11},"end":{"line":57,"column":43}},"38":{"start":{"line":55,"column":8},"end":{"line":55,"column":19}},"39":{"start":{"line":56,"column":8},"end":{"line":56,"column":48}},"40":{"start":{"line":56,"column":44},"end":{"line":56,"column":48}},"41":{"start":{"line":57,"column":13},"end":{"line":57,"column":43}},"42":{"start":{"line":57,"column":34},"end":{"line":57,"column":43}},"43":{"start":{"line":58,"column":6},"end":{"line":58,"column":30}},"44":{"start":{"line":60,"column":4},"end":{"line":60,"column":44}},"45":{"start":{"line":63,"column":2},"end":{"line":70,"column":3}},"46":{"start":{"line":64,"column":26},"end":{"line":64,"column":28}},"47":{"start":{"line":65,"column":4},"end":{"line":68,"column":5}},"48":{"start":{"line":66,"column":6},"end":{"line":66,"column":28}},"49":{"start":{"line":67,"column":6},"end":{"line":67,"column":18}},"50":{"start":{"line":69,"column":4},"end":{"line":69,"column":19}},"51":{"start":{"line":71,"column":2},"end":{"line":71,"column":14}},"52":{"start":{"line":74,"column":12},"end":{"line":74,"column":23}},"53":{"start":{"line":75,"column":12},"end":{"line":75,"column":23}},"54":{"start":{"line":76,"column":14},"end":{"line":76,"column":16}},"55":{"start":{"line":77,"column":16},"end":{"line":77,"column":18}},"56":{"start":{"line":78,"column":15},"end":{"line":78,"column":17}},"57":{"start":{"line":79,"column":18},"end":{"line":79,"column":35}}},"fnMap":{"0":{"name":"objectConverter","decl":{"start":{"line":7,"column":9},"end":{"line":7,"column":24}},"loc":{"start":{"line":7,"column":44},"end":{"line":15,"column":1}},"line":7},"1":{"name":"(anonymous_1)","decl":{"start":{"line":8,"column":9},"end":{"line":8,"column":10}},"loc":{"start":{"line":8,"column":34},"end":{"line":14,"column":3}},"line":8},"2":{"name":"(anonymous_2)","decl":{"start":{"line":10,"column":20},"end":{"line":10,"column":21}},"loc":{"start":{"line":10,"column":30},"end":{"line":12,"column":5}},"line":10},"3":{"name":"csvParse","decl":{"start":{"line":17,"column":16},"end":{"line":17,"column":24}},"loc":{"start":{"line":17,"column":49},"end":{"line":22,"column":1}},"line":17},"4":{"name":"csvParseRows","decl":{"start":{"line":24,"column":16},"end":{"line":24,"column":28}},"loc":{"start":{"line":24,"column":55},"end":{"line":72,"column":1}},"line":24},"5":{"name":"token","decl":{"start":{"line":34,"column":11},"end":{"line":34,"column":16}},"loc":{"start":{"line":34,"column":53},"end":{"line":61,"column":3}},"line":34}},"branchMap":{"0":{"loc":{"start":{"line":11,"column":15},"end":{"line":11,"column":27}},"type":"binary-expr","locations":[{"start":{"line":11,"column":15},"end":{"line":11,"column":21}},{"start":{"line":11,"column":25},"end":{"line":11,"column":27}}],"line":11},"1":{"loc":{"start":{"line":19,"column":18},"end":{"line":19,"column":36}},"type":"binary-expr","locations":[{"start":{"line":19,"column":18},"end":{"line":19,"column":30}},{"start":{"line":19,"column":34},"end":{"line":19,"column":36}}],"line":19},"2":{"loc":{"start":{"line":31,"column":2},"end":{"line":31,"column":46}},"type":"if","locations":[{"start":{"line":31,"column":2},"end":{"line":31,"column":46}},{"start":{},"end":{}}],"line":31},"3":{"loc":{"start":{"line":32,"column":2},"end":{"line":32,"column":45}},"type":"if","locations":[{"start":{"line":32,"column":2},"end":{"line":32,"column":45}},{"start":{},"end":{}}],"line":32},"4":{"loc":{"start":{"line":35,"column":4},"end":{"line":35,"column":24}},"type":"if","locations":[{"start":{"line":35,"column":4},"end":{"line":35,"column":24}},{"start":{},"end":{}}],"line":35},"5":{"loc":{"start":{"line":36,"column":4},"end":{"line":36,"column":41}},"type":"if","locations":[{"start":{"line":36,"column":4},"end":{"line":36,"column":41}},{"start":{},"end":{}}],"line":36},"6":{"loc":{"start":{"line":39,"column":4},"end":{"line":51,"column":5}},"type":"if","locations":[{"start":{"line":39,"column":4},"end":{"line":51,"column":5}},{"start":{},"end":{}}],"line":39},"7":{"loc":{"start":{"line":41,"column":8},"end":{"line":42,"column":38}},"type":"binary-expr","locations":[{"start":{"line":41,"column":9},"end":{"line":41,"column":16}},{"start":{"line":41,"column":20},"end":{"line":41,"column":48}},{"start":{"line":42,"column":8},"end":{"line":42,"column":38}}],"line":41},"8":{"loc":{"start":{"line":44,"column":6},"end":{"line":49,"column":7}},"type":"if","locations":[{"start":{"line":44,"column":6},"end":{"line":49,"column":7}},{"start":{"line":45,"column":11},"end":{"line":49,"column":7}}],"line":44},"9":{"loc":{"start":{"line":45,"column":11},"end":{"line":49,"column":7}},"type":"if","locations":[{"start":{"line":45,"column":11},"end":{"line":49,"column":7}},{"start":{"line":46,"column":11},"end":{"line":49,"column":7}}],"line":45},"10":{"loc":{"start":{"line":46,"column":11},"end":{"line":49,"column":7}},"type":"if","locations":[{"start":{"line":46,"column":11},"end":{"line":49,"column":7}},{"start":{},"end":{}}],"line":46},"11":{"loc":{"start":{"line":48,"column":8},"end":{"line":48,"column":48}},"type":"if","locations":[{"start":{"line":48,"column":8},"end":{"line":48,"column":48}},{"start":{},"end":{}}],"line":48},"12":{"loc":{"start":{"line":53,"column":6},"end":{"line":57,"column":43}},"type":"if","locations":[{"start":{"line":53,"column":6},"end":{"line":57,"column":43}},{"start":{"line":54,"column":11},"end":{"line":57,"column":43}}],"line":53},"13":{"loc":{"start":{"line":54,"column":11},"end":{"line":57,"column":43}},"type":"if","locations":[{"start":{"line":54,"column":11},"end":{"line":57,"column":43}},{"start":{"line":57,"column":13},"end":{"line":57,"column":43}}],"line":54},"14":{"loc":{"start":{"line":56,"column":8},"end":{"line":56,"column":48}},"type":"if","locations":[{"start":{"line":56,"column":8},"end":{"line":56,"column":48}},{"start":{},"end":{}}],"line":56},"15":{"loc":{"start":{"line":57,"column":13},"end":{"line":57,"column":43}},"type":"if","locations":[{"start":{"line":57,"column":13},"end":{"line":57,"column":43}},{"start":{},"end":{}}],"line":57},"16":{"loc":{"start":{"line":65,"column":11},"end":{"line":65,"column":33}},"type":"binary-expr","locations":[{"start":{"line":65,"column":11},"end":{"line":65,"column":20}},{"start":{"line":65,"column":24},"end":{"line":65,"column":33}}],"line":65}},"s":{"0":2,"1":3,"2":3,"3":6,"4":3,"5":2,"6":2,"7":2,"8":2,"9":2,"10":2,"11":2,"12":2,"13":2,"14":2,"15":0,"16":2,"17":0,"18":17,"19":4,"20":13,"21":3,"22":10,"23":10,"24":2,"25":2,"26":1,"27":1,"28":0,"29":1,"30":0,"31":0,"32":0,"33":2,"34":8,"35":15,"36":3,"37":12,"38":0,"39":0,"40":0,"41":12,"42":8,"43":7,"44":1,"45":2,"46":5,"47":5,"48":10,"49":10,"50":5,"51":2,"52":1,"53":1,"54":1,"55":1,"56":1,"57":1},"f":{"0":2,"1":3,"2":6,"3":2,"4":2,"5":17},"b":{"0":[6,0],"1":[2,0],"2":[0,2],"3":[0,2],"4":[4,13],"5":[3,10],"6":[2,8],"7":[8,8,2],"8":[1,1],"9":[0,1],"10":[0,1],"11":[0,0],"12":[3,12],"13":[0,12],"14":[0,0],"15":[8,4],"16":[15,12]},"_coverageSchema":"1a1c01bbd47fc00a2c39e90264f33305004495a9","hash":"9fd22058a1ef227c90dc407338ddb998dedb3bf2"}
,"C:\\Users\\Sav\\Programing Projects\\powerpick\\lib\\gameConfigs.ts": {"path":"C:\\Users\\Sav\\Programing Projects\\powerpick\\lib\\gameConfigs.ts","statementMap":{"0":{"start":{"line":10,"column":2},"end":{"line":10,"column":35}},"1":{"start":{"line":13,"column":55},"end":{"line":38,"column":1}},"2":{"start":{"line":40,"column":44},"end":{"line":44,"column":1}},"3":{"start":{"line":47,"column":21},"end":{"line":47,"column":40}},"4":{"start":{"line":48,"column":20},"end":{"line":48,"column":57}},"5":{"start":{"line":49,"column":2},"end":{"line":49,"column":32}}},"fnMap":{"0":{"name":"normalizeName","decl":{"start":{"line":9,"column":16},"end":{"line":9,"column":29}},"loc":{"start":{"line":9,"column":52},"end":{"line":11,"column":1}},"line":9},"1":{"name":"getGameConfig","decl":{"start":{"line":46,"column":16},"end":{"line":46,"column":29}},"loc":{"start":{"line":46,"column":68},"end":{"line":50,"column":1}},"line":46}},"branchMap":{"0":{"loc":{"start":{"line":48,"column":20},"end":{"line":48,"column":57}},"type":"binary-expr","locations":[{"start":{"line":48,"column":20},"end":{"line":48,"column":43}},{"start":{"line":48,"column":47},"end":{"line":48,"column":57}}],"line":48}},"s":{"0":65,"1":4,"2":4,"3":5,"4":5,"5":5},"f":{"0":65,"1":5},"b":{"0":[5,4]},"_coverageSchema":"1a1c01bbd47fc00a2c39e90264f33305004495a9","hash":"1a57dc4500b6ac1b8cf0eb855eaf2d155280e611"}
,"C:\\Users\\Sav\\Programing Projects\\powerpick\\lib\\gamesApi.ts": {"path":"C:\\Users\\Sav\\Programing Projects\\powerpick\\lib\\gamesApi.ts","statementMap":{"0":{"start":{"line":5,"column":23},"end":{"line":5,"column":34}},"1":{"start":{"line":33,"column":2},"end":{"line":33,"column":43}},"2":{"start":{"line":37,"column":32},"end":{"line":41,"column":5}},"3":{"start":{"line":43,"column":2},"end":{"line":46,"column":3}},"4":{"start":{"line":44,"column":4},"end":{"line":44,"column":50}},"5":{"start":{"line":45,"column":4},"end":{"line":45,"column":16}},"6":{"start":{"line":48,"column":2},"end":{"line":74,"column":5}},"7":{"start":{"line":49,"column":16},"end":{"line":49,"column":43}},"8":{"start":{"line":52,"column":4},"end":{"line":60,"column":5}},"9":{"start":{"line":53,"column":6},"end":{"line":53,"column":30}},"10":{"start":{"line":55,"column":18},"end":{"line":55,"column":47}},"11":{"start":{"line":58,"column":10},"end":{"line":58,"column":65}},"12":{"start":{"line":59,"column":6},"end":{"line":59,"column":36}},"13":{"start":{"line":62,"column":4},"end":{"line":62,"column":51}},"14":{"start":{"line":63,"column":4},"end":{"line":73,"column":6}},"15":{"start":{"line":89,"column":26},"end":{"line":93,"column":18}},"16":{"start":{"line":94,"column":2},"end":{"line":97,"column":3}},"17":{"start":{"line":95,"column":4},"end":{"line":95,"column":53}},"18":{"start":{"line":96,"column":4},"end":{"line":96,"column":16}},"19":{"start":{"line":98,"column":2},"end":{"line":105,"column":22}},"20":{"start":{"line":116,"column":44},"end":{"line":122,"column":1}},"21":{"start":{"line":127,"column":16},"end":{"line":127,"column":52}},"22":{"start":{"line":128,"column":2},"end":{"line":128,"column":59}},"23":{"start":{"line":128,"column":14},"end":{"line":128,"column":59}},"24":{"start":{"line":129,"column":26},"end":{"line":133,"column":14}},"25":{"start":{"line":134,"column":2},"end":{"line":137,"column":3}},"26":{"start":{"line":135,"column":4},"end":{"line":135,"column":50}},"27":{"start":{"line":136,"column":4},"end":{"line":136,"column":16}},"28":{"start":{"line":138,"column":2},"end":{"line":138,"column":38}}},"fnMap":{"0":{"name":"normalizeUrl","decl":{"start":{"line":32,"column":9},"end":{"line":32,"column":21}},"loc":{"start":{"line":32,"column":43},"end":{"line":34,"column":1}},"line":32},"1":{"name":"fetchGames","decl":{"start":{"line":36,"column":22},"end":{"line":36,"column":32}},"loc":{"start":{"line":36,"column":52},"end":{"line":75,"column":1}},"line":36},"2":{"name":"(anonymous_2)","decl":{"start":{"line":48,"column":26},"end":{"line":48,"column":27}},"loc":{"start":{"line":48,"column":44},"end":{"line":74,"column":3}},"line":48},"3":{"name":"fetchHotColdNumbers","decl":{"start":{"line":86,"column":22},"end":{"line":86,"column":41}},"loc":{"start":{"line":88,"column":27},"end":{"line":106,"column":1}},"line":88},"4":{"name":"fetchRecentDraws","decl":{"start":{"line":124,"column":22},"end":{"line":124,"column":38}},"loc":{"start":{"line":126,"column":25},"end":{"line":139,"column":1}},"line":126}},"branchMap":{"0":{"loc":{"start":{"line":43,"column":2},"end":{"line":46,"column":3}},"type":"if","locations":[{"start":{"line":43,"column":2},"end":{"line":46,"column":3}},{"start":{},"end":{}}],"line":43},"1":{"loc":{"start":{"line":48,"column":10},"end":{"line":48,"column":20}},"type":"binary-expr","locations":[{"start":{"line":48,"column":10},"end":{"line":48,"column":14}},{"start":{"line":48,"column":18},"end":{"line":48,"column":20}}],"line":48},"2":{"loc":{"start":{"line":49,"column":17},"end":{"line":49,"column":35}},"type":"binary-expr","locations":[{"start":{"line":49,"column":17},"end":{"line":49,"column":29}},{"start":{"line":49,"column":33},"end":{"line":49,"column":35}}],"line":49},"3":{"loc":{"start":{"line":52,"column":4},"end":{"line":60,"column":5}},"type":"if","locations":[{"start":{"line":52,"column":4},"end":{"line":60,"column":5}},{"start":{"line":54,"column":11},"end":{"line":60,"column":5}}],"line":52},"4":{"loc":{"start":{"line":68,"column":15},"end":{"line":68,"column":35}},"type":"binary-expr","locations":[{"start":{"line":68,"column":15},"end":{"line":68,"column":27}},{"start":{"line":68,"column":31},"end":{"line":68,"column":35}}],"line":68},"5":{"loc":{"start":{"line":69,"column":17},"end":{"line":69,"column":39}},"type":"binary-expr","locations":[{"start":{"line":69,"column":17},"end":{"line":69,"column":31}},{"start":{"line":69,"column":35},"end":{"line":69,"column":39}}],"line":69},"6":{"loc":{"start":{"line":70,"column":17},"end":{"line":70,"column":39}},"type":"binary-expr","locations":[{"start":{"line":70,"column":17},"end":{"line":70,"column":31}},{"start":{"line":70,"column":35},"end":{"line":70,"column":39}}],"line":70},"7":{"loc":{"start":{"line":71,"column":15},"end":{"line":71,"column":35}},"type":"binary-expr","locations":[{"start":{"line":71,"column":15},"end":{"line":71,"column":27}},{"start":{"line":71,"column":31},"end":{"line":71,"column":35}}],"line":71},"8":{"loc":{"start":{"line":72,"column":20},"end":{"line":72,"column":45}},"type":"binary-expr","locations":[{"start":{"line":72,"column":20},"end":{"line":72,"column":37}},{"start":{"line":72,"column":41},"end":{"line":72,"column":45}}],"line":72},"9":{"loc":{"start":{"line":94,"column":2},"end":{"line":97,"column":3}},"type":"if","locations":[{"start":{"line":94,"column":2},"end":{"line":97,"column":3}},{"start":{},"end":{}}],"line":94},"10":{"loc":{"start":{"line":99,"column":13},"end":{"line":99,"column":33}},"type":"binary-expr","locations":[{"start":{"line":99,"column":13},"end":{"line":99,"column":27}},{"start":{"line":99,"column":31},"end":{"line":99,"column":33}}],"line":99},"11":{"loc":{"start":{"line":100,"column":14},"end":{"line":100,"column":35}},"type":"binary-expr","locations":[{"start":{"line":100,"column":14},"end":{"line":100,"column":29}},{"start":{"line":100,"column":33},"end":{"line":100,"column":35}}],"line":100},"12":{"loc":{"start":{"line":101,"column":13},"end":{"line":101,"column":33}},"type":"binary-expr","locations":[{"start":{"line":101,"column":13},"end":{"line":101,"column":27}},{"start":{"line":101,"column":31},"end":{"line":101,"column":33}}],"line":101},"13":{"loc":{"start":{"line":102,"column":14},"end":{"line":102,"column":35}},"type":"binary-expr","locations":[{"start":{"line":102,"column":14},"end":{"line":102,"column":29}},{"start":{"line":102,"column":33},"end":{"line":102,"column":35}}],"line":102},"14":{"loc":{"start":{"line":103,"column":18},"end":{"line":103,"column":43}},"type":"binary-expr","locations":[{"start":{"line":103,"column":18},"end":{"line":103,"column":37}},{"start":{"line":103,"column":41},"end":{"line":103,"column":43}}],"line":103},"15":{"loc":{"start":{"line":104,"column":19},"end":{"line":104,"column":45}},"type":"binary-expr","locations":[{"start":{"line":104,"column":19},"end":{"line":104,"column":39}},{"start":{"line":104,"column":43},"end":{"line":104,"column":45}}],"line":104},"16":{"loc":{"start":{"line":128,"column":2},"end":{"line":128,"column":59}},"type":"if","locations":[{"start":{"line":128,"column":2},"end":{"line":128,"column":59}},{"start":{},"end":{}}],"line":128},"17":{"loc":{"start":{"line":134,"column":2},"end":{"line":137,"column":3}},"type":"if","locations":[{"start":{"line":134,"column":2},"end":{"line":137,"column":3}},{"start":{},"end":{}}],"line":134},"18":{"loc":{"start":{"line":138,"column":10},"end":{"line":138,"column":20}},"type":"binary-expr","locations":[{"start":{"line":138,"column":10},"end":{"line":138,"column":14}},{"start":{"line":138,"column":18},"end":{"line":138,"column":20}}],"line":138}},"s":{"0":3,"1":2,"2":5,"3":5,"4":1,"5":1,"6":4,"7":2,"8":2,"9":0,"10":2,"11":2,"12":2,"13":2,"14":2,"15":2,"16":2,"17":0,"18":0,"19":2,"20":3,"21":1,"22":1,"23":0,"24":1,"25":1,"26":0,"27":0,"28":1},"f":{"0":2,"1":5,"2":2,"3":2,"4":1},"b":{"0":[1,4],"1":[4,2],"2":[2,0],"3":[0,2],"4":[2,0],"5":[2,0],"6":[2,1],"7":[2,1],"8":[2,0],"9":[0,2],"10":[2,1],"11":[2,1],"12":[2,1],"13":[2,1],"14":[2,2],"15":[2,2],"16":[0,1],"17":[0,1],"18":[1,0]},"_coverageSchema":"1a1c01bbd47fc00a2c39e90264f33305004495a9","hash":"4244814c7e3cc55fd326abba66102674ad98a8c5"}
,"C:\\Users\\Sav\\Programing Projects\\powerpick\\lib\\generator.ts": {"path":"C:\\Users\\Sav\\Programing Projects\\powerpick\\lib\\generator.ts","statementMap":{"0":{"start":{"line":27,"column":6},"end":{"line":27,"column":12}},"1":{"start":{"line":28,"column":2},"end":{"line":30,"column":3}},"2":{"start":{"line":29,"column":4},"end":{"line":29,"column":57}},"3":{"start":{"line":32,"column":28},"end":{"line":32,"column":30}},"4":{"start":{"line":33,"column":15},"end":{"line":33,"column":48}},"5":{"start":{"line":34,"column":21},"end":{"line":34,"column":48}},"6":{"start":{"line":35,"column":16},"end":{"line":35,"column":40}},"7":{"start":{"line":36,"column":16},"end":{"line":36,"column":40}},"8":{"start":{"line":38,"column":2},"end":{"line":64,"column":3}},"9":{"start":{"line":38,"column":21},"end":{"line":38,"column":22}},"10":{"start":{"line":39,"column":4},"end":{"line":39,"column":23}},"11":{"start":{"line":40,"column":17},"end":{"line":40,"column":67}},"12":{"start":{"line":40,"column":61},"end":{"line":40,"column":66}},"13":{"start":{"line":41,"column":20},"end":{"line":45,"column":6}},"14":{"start":{"line":42,"column":6},"end":{"line":42,"column":54}},"15":{"start":{"line":42,"column":34},"end":{"line":42,"column":54}},"16":{"start":{"line":43,"column":6},"end":{"line":43,"column":68}},"17":{"start":{"line":43,"column":35},"end":{"line":43,"column":68}},"18":{"start":{"line":44,"column":6},"end":{"line":44,"column":15}},"19":{"start":{"line":47,"column":21},"end":{"line":47,"column":30}},"20":{"start":{"line":48,"column":24},"end":{"line":48,"column":36}},"21":{"start":{"line":49,"column":4},"end":{"line":60,"column":5}},"22":{"start":{"line":50,"column":20},"end":{"line":50,"column":58}},"23":{"start":{"line":50,"column":49},"end":{"line":50,"column":54}},"24":{"start":{"line":51,"column":14},"end":{"line":51,"column":28}},"25":{"start":{"line":52,"column":16},"end":{"line":52,"column":17}},"26":{"start":{"line":53,"column":6},"end":{"line":56,"column":7}},"27":{"start":{"line":54,"column":8},"end":{"line":54,"column":30}},"28":{"start":{"line":55,"column":8},"end":{"line":55,"column":14}},"29":{"start":{"line":57,"column":16},"end":{"line":57,"column":42}},"30":{"start":{"line":58,"column":6},"end":{"line":58,"column":33}},"31":{"start":{"line":59,"column":6},"end":{"line":59,"column":22}},"32":{"start":{"line":61,"column":4},"end":{"line":61,"column":34}},"33":{"start":{"line":61,"column":27},"end":{"line":61,"column":32}},"34":{"start":{"line":62,"column":16},"end":{"line":62,"column":50}},"35":{"start":{"line":62,"column":41},"end":{"line":62,"column":46}},"36":{"start":{"line":63,"column":4},"end":{"line":63,"column":44}},"37":{"start":{"line":63,"column":38},"end":{"line":63,"column":44}},"38":{"start":{"line":65,"column":2},"end":{"line":65,"column":22}}},"fnMap":{"0":{"name":"generateSet","decl":{"start":{"line":17,"column":16},"end":{"line":17,"column":27}},"loc":{"start":{"line":20,"column":12},"end":{"line":66,"column":1}},"line":20},"1":{"name":"(anonymous_1)","decl":{"start":{"line":40,"column":51},"end":{"line":40,"column":52}},"loc":{"start":{"line":40,"column":61},"end":{"line":40,"column":66}},"line":40},"2":{"name":"(anonymous_2)","decl":{"start":{"line":41,"column":29},"end":{"line":41,"column":30}},"loc":{"start":{"line":41,"column":36},"end":{"line":45,"column":5}},"line":41},"3":{"name":"(anonymous_3)","decl":{"start":{"line":50,"column":39},"end":{"line":50,"column":40}},"loc":{"start":{"line":50,"column":49},"end":{"line":50,"column":54}},"line":50},"4":{"name":"(anonymous_4)","decl":{"start":{"line":61,"column":17},"end":{"line":61,"column":18}},"loc":{"start":{"line":61,"column":27},"end":{"line":61,"column":32}},"line":61},"5":{"name":"(anonymous_5)","decl":{"start":{"line":62,"column":31},"end":{"line":62,"column":32}},"loc":{"start":{"line":62,"column":41},"end":{"line":62,"column":46}},"line":62}},"branchMap":{"0":{"loc":{"start":{"line":19,"column":2},"end":{"line":19,"column":34}},"type":"default-arg","locations":[{"start":{"line":19,"column":23},"end":{"line":19,"column":34}}],"line":19},"1":{"loc":{"start":{"line":24,"column":4},"end":{"line":24,"column":19}},"type":"default-arg","locations":[{"start":{"line":24,"column":17},"end":{"line":24,"column":19}}],"line":24},"2":{"loc":{"start":{"line":25,"column":4},"end":{"line":25,"column":20}},"type":"default-arg","locations":[{"start":{"line":25,"column":18},"end":{"line":25,"column":20}}],"line":25},"3":{"loc":{"start":{"line":26,"column":4},"end":{"line":26,"column":16}},"type":"default-arg","locations":[{"start":{"line":26,"column":15},"end":{"line":26,"column":16}}],"line":26},"4":{"loc":{"start":{"line":28,"column":2},"end":{"line":30,"column":3}},"type":"if","locations":[{"start":{"line":28,"column":2},"end":{"line":30,"column":3}},{"start":{},"end":{}}],"line":28},"5":{"loc":{"start":{"line":42,"column":6},"end":{"line":42,"column":54}},"type":"if","locations":[{"start":{"line":42,"column":6},"end":{"line":42,"column":54}},{"start":{},"end":{}}],"line":42},"6":{"loc":{"start":{"line":43,"column":6},"end":{"line":43,"column":68}},"type":"if","locations":[{"start":{"line":43,"column":6},"end":{"line":43,"column":68}},{"start":{},"end":{}}],"line":43},"7":{"loc":{"start":{"line":49,"column":11},"end":{"line":49,"column":60}},"type":"binary-expr","locations":[{"start":{"line":49,"column":11},"end":{"line":49,"column":37}},{"start":{"line":49,"column":41},"end":{"line":49,"column":60}}],"line":49},"8":{"loc":{"start":{"line":63,"column":4},"end":{"line":63,"column":44}},"type":"if","locations":[{"start":{"line":63,"column":4},"end":{"line":63,"column":44}},{"start":{},"end":{}}],"line":63},"9":{"loc":{"start":{"line":63,"column":8},"end":{"line":63,"column":36}},"type":"binary-expr","locations":[{"start":{"line":63,"column":8},"end":{"line":63,"column":20}},{"start":{"line":63,"column":24},"end":{"line":63,"column":36}}],"line":63}},"s":{"0":3,"1":3,"2":1,"3":2,"4":2,"5":2,"6":2,"7":2,"8":2,"9":2,"10":2,"11":2,"12":20,"13":2,"14":20,"15":3,"16":17,"17":0,"18":17,"19":2,"20":2,"21":2,"22":6,"23":54,"24":6,"25":6,"26":6,"27":16,"28":16,"29":6,"30":6,"31":6,"32":2,"33":6,"34":2,"35":6,"36":2,"37":2,"38":2},"f":{"0":3,"1":20,"2":20,"3":54,"4":6,"5":6},"b":{"0":[1],"1":[2],"2":[3],"3":[2],"4":[1,2],"5":[3,17],"6":[0,17],"7":[8,6],"8":[2,0],"9":[2,2]},"_coverageSchema":"1a1c01bbd47fc00a2c39e90264f33305004495a9","hash":"b09fa788fff0184c874483bb20cc4ed785178584"}
,"C:\\Users\\Sav\\Programing Projects\\powerpick\\lib\\hotCold.ts": {"path":"C:\\Users\\Sav\\Programing Projects\\powerpick\\lib\\hotCold.ts","statementMap":{"0":{"start":{"line":17,"column":17},"end":{"line":17,"column":45}},"1":{"start":{"line":18,"column":2},"end":{"line":22,"column":3}},"2":{"start":{"line":19,"column":4},"end":{"line":21,"column":5}},"3":{"start":{"line":20,"column":6},"end":{"line":20,"column":54}},"4":{"start":{"line":20,"column":40},"end":{"line":20,"column":54}},"5":{"start":{"line":23,"column":15},"end":{"line":23,"column":65}},"6":{"start":{"line":23,"column":59},"end":{"line":23,"column":64}},"7":{"start":{"line":24,"column":2},"end":{"line":24,"column":54}},"8":{"start":{"line":24,"column":22},"end":{"line":24,"column":52}},"9":{"start":{"line":26,"column":20},"end":{"line":26,"column":72}},"10":{"start":{"line":27,"column":14},"end":{"line":27,"column":38}},"11":{"start":{"line":28,"column":15},"end":{"line":28,"column":37}},"12":{"start":{"line":29,"column":2},"end":{"line":29,"column":23}}},"fnMap":{"0":{"name":"calculateHotColdNumbers","decl":{"start":{"line":12,"column":16},"end":{"line":12,"column":39}},"loc":{"start":{"line":16,"column":17},"end":{"line":30,"column":1}},"line":16},"1":{"name":"(anonymous_1)","decl":{"start":{"line":23,"column":49},"end":{"line":23,"column":50}},"loc":{"start":{"line":23,"column":59},"end":{"line":23,"column":64}},"line":23},"2":{"name":"(anonymous_2)","decl":{"start":{"line":24,"column":12},"end":{"line":24,"column":13}},"loc":{"start":{"line":24,"column":22},"end":{"line":24,"column":52}},"line":24}},"branchMap":{"0":{"loc":{"start":{"line":20,"column":6},"end":{"line":20,"column":54}},"type":"if","locations":[{"start":{"line":20,"column":6},"end":{"line":20,"column":54}},{"start":{},"end":{}}],"line":20},"1":{"loc":{"start":{"line":20,"column":10},"end":{"line":20,"column":38}},"type":"binary-expr","locations":[{"start":{"line":20,"column":10},"end":{"line":20,"column":18}},{"start":{"line":20,"column":22},"end":{"line":20,"column":38}}],"line":20},"2":{"loc":{"start":{"line":24,"column":22},"end":{"line":24,"column":52}},"type":"binary-expr","locations":[{"start":{"line":24,"column":22},"end":{"line":24,"column":43}},{"start":{"line":24,"column":47},"end":{"line":24,"column":52}}],"line":24}},"s":{"0":4,"1":4,"2":12,"3":24,"4":24,"5":4,"6":30,"7":4,"8":42,"9":4,"10":4,"11":4,"12":4},"f":{"0":4,"1":30,"2":42},"b":{"0":[24,0],"1":[24,24],"2":[42,22]},"_coverageSchema":"1a1c01bbd47fc00a2c39e90264f33305004495a9","hash":"907845d897f4a5996a71e5c1fed9e8bac6879033"}
,"C:\\Users\\Sav\\Programing Projects\\powerpick\\lib\\regionConfig.ts": {"path":"C:\\Users\\Sav\\Programing Projects\\powerpick\\lib\\regionConfig.ts","statementMap":{"0":{"start":{"line":5,"column":53},"end":{"line":9,"column":1}},"1":{"start":{"line":11,"column":74},"end":{"line":14,"column":1}}},"fnMap":{},"branchMap":{},"s":{"0":2,"1":2},"f":{},"b":{},"_coverageSchema":"1a1c01bbd47fc00a2c39e90264f33305004495a9","hash":"6ff553df05691eafd8613c59081e78a79cca3ae1"}
,"C:\\Users\\Sav\\Programing Projects\\powerpick\\lib\\supabase.ts": {"path":"C:\\Users\\Sav\\Programing Projects\\powerpick\\lib\\supabase.ts","statementMap":{"0":{"start":{"line":6,"column":44},"end":{"line":9,"column":1}},"1":{"start":{"line":11,"column":0},"end":{"line":13,"column":1}},"2":{"start":{"line":12,"column":2},"end":{"line":12,"column":59}},"3":{"start":{"line":15,"column":24},"end":{"line":15,"column":69}}},"fnMap":{},"branchMap":{"0":{"loc":{"start":{"line":11,"column":0},"end":{"line":13,"column":1}},"type":"if","locations":[{"start":{"line":11,"column":0},"end":{"line":13,"column":1}},{"start":{},"end":{}}],"line":11},"1":{"loc":{"start":{"line":11,"column":4},"end":{"line":11,"column":39}},"type":"binary-expr","locations":[{"start":{"line":11,"column":4},"end":{"line":11,"column":17}},{"start":{"line":11,"column":21},"end":{"line":11,"column":39}}],"line":11}},"s":{"0":2,"1":2,"2":0,"3":2},"f":{},"b":{"0":[0,2],"1":[2,2]},"_coverageSchema":"1a1c01bbd47fc00a2c39e90264f33305004495a9","hash":"ca960fc5b9a4b3c93378557a0ed3d2de57e2b031"}
,"C:\\Users\\Sav\\Programing Projects\\powerpick\\lib\\syncDraws.ts": {"path":"C:\\Users\\Sav\\Programing Projects\\powerpick\\lib\\syncDraws.ts","statementMap":{"0":{"start":{"line":5,"column":0},"end":{"line":5,"column":16}},"1":{"start":{"line":8,"column":29},"end":{"line":8,"column":59}},"2":{"start":{"line":9,"column":34},"end":{"line":9,"column":69}},"3":{"start":{"line":10,"column":0},"end":{"line":12,"column":1}},"4":{"start":{"line":11,"column":2},"end":{"line":11,"column":54}},"5":{"start":{"line":15,"column":0},"end":{"line":15,"column":56}},"6":{"start":{"line":16,"column":0},"end":{"line":19,"column":2}},"7":{"start":{"line":22,"column":33},"end":{"line":22,"column":78}},"8":{"start":{"line":32,"column":22},"end":{"line":38,"column":1}},"9":{"start":{"line":44,"column":2},"end":{"line":47,"column":26}},"10":{"start":{"line":45,"column":21},"end":{"line":45,"column":71}},"11":{"start":{"line":46,"column":18},"end":{"line":46,"column":34}},"12":{"start":{"line":47,"column":19},"end":{"line":47,"column":24}},"13":{"start":{"line":51,"column":20},"end":{"line":51,"column":65}},"14":{"start":{"line":51,"column":46},"end":{"line":51,"column":64}},"15":{"start":{"line":52,"column":2},"end":{"line":52,"column":26}},"16":{"start":{"line":68,"column":2},"end":{"line":68,"column":44}},"17":{"start":{"line":69,"column":2},"end":{"line":114,"column":3}},"18":{"start":{"line":70,"column":16},"end":{"line":70,"column":87}},"19":{"start":{"line":71,"column":4},"end":{"line":71,"column":31}},"20":{"start":{"line":72,"column":16},"end":{"line":72,"column":32}},"21":{"start":{"line":73,"column":4},"end":{"line":73,"column":55}},"22":{"start":{"line":73,"column":17},"end":{"line":73,"column":55}},"23":{"start":{"line":75,"column":16},"end":{"line":75,"column":32}},"24":{"start":{"line":76,"column":17},"end":{"line":76,"column":30}},"25":{"start":{"line":77,"column":4},"end":{"line":77,"column":55}},"26":{"start":{"line":79,"column":34},"end":{"line":102,"column":6}},"27":{"start":{"line":80,"column":26},"end":{"line":80,"column":52}},"28":{"start":{"line":81,"column":24},"end":{"line":81,"column":55}},"29":{"start":{"line":82,"column":30},"end":{"line":82,"column":67}},"30":{"start":{"line":84,"column":6},"end":{"line":87,"column":7}},"31":{"start":{"line":85,"column":26},"end":{"line":85,"column":65}},"32":{"start":{"line":86,"column":8},"end":{"line":86,"column":70}},"33":{"start":{"line":89,"column":36},"end":{"line":89,"column":79}},"34":{"start":{"line":90,"column":6},"end":{"line":99,"column":7}},"35":{"start":{"line":91,"column":8},"end":{"line":98,"column":10}},"36":{"start":{"line":101,"column":6},"end":{"line":101,"column":80}},"37":{"start":{"line":105,"column":28},"end":{"line":107,"column":65}},"38":{"start":{"line":109,"column":4},"end":{"line":109,"column":65}},"39":{"start":{"line":109,"column":15},"end":{"line":109,"column":65}},"40":{"start":{"line":110,"column":21},"end":{"line":110,"column":48}},"41":{"start":{"line":111,"column":4},"end":{"line":111,"column":66}},"42":{"start":{"line":113,"column":4},"end":{"line":113,"column":50}},"43":{"start":{"line":119,"column":2},"end":{"line":122,"column":3}},"44":{"start":{"line":121,"column":4},"end":{"line":121,"column":25}},"45":{"start":{"line":128,"column":20},"end":{"line":128,"column":77}},"46":{"start":{"line":129,"column":0},"end":{"line":131,"column":1}},"47":{"start":{"line":130,"column":2},"end":{"line":130,"column":62}},"48":{"start":{"line":130,"column":32},"end":{"line":130,"column":60}}},"fnMap":{"0":{"name":"extractNumbers","decl":{"start":{"line":43,"column":9},"end":{"line":43,"column":23}},"loc":{"start":{"line":43,"column":63},"end":{"line":48,"column":1}},"line":43},"1":{"name":"(anonymous_1)","decl":{"start":{"line":45,"column":12},"end":{"line":45,"column":13}},"loc":{"start":{"line":45,"column":21},"end":{"line":45,"column":71}},"line":45},"2":{"name":"(anonymous_2)","decl":{"start":{"line":46,"column":9},"end":{"line":46,"column":10}},"loc":{"start":{"line":46,"column":18},"end":{"line":46,"column":34}},"line":46},"3":{"name":"(anonymous_3)","decl":{"start":{"line":47,"column":12},"end":{"line":47,"column":13}},"loc":{"start":{"line":47,"column":19},"end":{"line":47,"column":24}},"line":47},"4":{"name":"formatDateDMY","decl":{"start":{"line":50,"column":9},"end":{"line":50,"column":22}},"loc":{"start":{"line":50,"column":44},"end":{"line":53,"column":1}},"line":50},"5":{"name":"(anonymous_5)","decl":{"start":{"line":51,"column":39},"end":{"line":51,"column":40}},"loc":{"start":{"line":51,"column":46},"end":{"line":51,"column":64}},"line":51},"6":{"name":"syncGame","decl":{"start":{"line":67,"column":15},"end":{"line":67,"column":23}},"loc":{"start":{"line":67,"column":51},"end":{"line":115,"column":1}},"line":67},"7":{"name":"(anonymous_7)","decl":{"start":{"line":79,"column":43},"end":{"line":79,"column":44}},"loc":{"start":{"line":79,"column":52},"end":{"line":102,"column":5}},"line":79},"8":{"name":"syncAllGames","decl":{"start":{"line":118,"column":22},"end":{"line":118,"column":34}},"loc":{"start":{"line":118,"column":52},"end":{"line":123,"column":1}},"line":118},"9":{"name":"(anonymous_9)","decl":{"start":{"line":130,"column":23},"end":{"line":130,"column":24}},"loc":{"start":{"line":130,"column":32},"end":{"line":130,"column":60}},"line":130}},"branchMap":{"0":{"loc":{"start":{"line":8,"column":29},"end":{"line":8,"column":59}},"type":"binary-expr","locations":[{"start":{"line":8,"column":29},"end":{"line":8,"column":53}},{"start":{"line":8,"column":57},"end":{"line":8,"column":59}}],"line":8},"1":{"loc":{"start":{"line":9,"column":34},"end":{"line":9,"column":69}},"type":"binary-expr","locations":[{"start":{"line":9,"column":34},"end":{"line":9,"column":63}},{"start":{"line":9,"column":67},"end":{"line":9,"column":69}}],"line":9},"2":{"loc":{"start":{"line":10,"column":0},"end":{"line":12,"column":1}},"type":"if","locations":[{"start":{"line":10,"column":0},"end":{"line":12,"column":1}},{"start":{},"end":{}}],"line":10},"3":{"loc":{"start":{"line":10,"column":4},"end":{"line":10,"column":39}},"type":"binary-expr","locations":[{"start":{"line":10,"column":4},"end":{"line":10,"column":17}},{"start":{"line":10,"column":21},"end":{"line":10,"column":39}}],"line":10},"4":{"loc":{"start":{"line":73,"column":4},"end":{"line":73,"column":55}},"type":"if","locations":[{"start":{"line":73,"column":4},"end":{"line":73,"column":55}},{"start":{},"end":{}}],"line":73},"5":{"loc":{"start":{"line":84,"column":6},"end":{"line":87,"column":7}},"type":"if","locations":[{"start":{"line":84,"column":6},"end":{"line":87,"column":7}},{"start":{},"end":{}}],"line":84},"6":{"loc":{"start":{"line":85,"column":26},"end":{"line":85,"column":65}},"type":"binary-expr","locations":[{"start":{"line":85,"column":26},"end":{"line":85,"column":57}},{"start":{"line":85,"column":61},"end":{"line":85,"column":65}}],"line":85},"7":{"loc":{"start":{"line":90,"column":6},"end":{"line":99,"column":7}},"type":"if","locations":[{"start":{"line":90,"column":6},"end":{"line":99,"column":7}},{"start":{},"end":{}}],"line":90},"8":{"loc":{"start":{"line":109,"column":4},"end":{"line":109,"column":65}},"type":"if","locations":[{"start":{"line":109,"column":4},"end":{"line":109,"column":65}},{"start":{},"end":{}}],"line":109},"9":{"loc":{"start":{"line":111,"column":36},"end":{"line":111,"column":57}},"type":"binary-expr","locations":[{"start":{"line":111,"column":36},"end":{"line":111,"column":52}},{"start":{"line":111,"column":56},"end":{"line":111,"column":57}}],"line":111},"10":{"loc":{"start":{"line":128,"column":20},"end":{"line":128,"column":77}},"type":"binary-expr","locations":[{"start":{"line":128,"column":20},"end":{"line":128,"column":50}},{"start":{"line":128,"column":54},"end":{"line":128,"column":77}}],"line":128},"11":{"loc":{"start":{"line":129,"column":0},"end":{"line":131,"column":1}},"type":"if","locations":[{"start":{"line":129,"column":0},"end":{"line":131,"column":1}},{"start":{},"end":{}}],"line":129}},"s":{"0":1,"1":1,"2":1,"3":1,"4":0,"5":1,"6":1,"7":1,"8":1,"9":1,"10":3,"11":2,"12":2,"13":0,"14":0,"15":0,"16":0,"17":0,"18":0,"19":0,"20":0,"21":0,"22":0,"23":0,"24":0,"25":0,"26":0,"27":0,"28":0,"29":0,"30":0,"31":0,"32":0,"33":0,"34":0,"35":0,"36":0,"37":0,"38":0,"39":0,"40":0,"41":0,"42":0,"43":0,"44":0,"45":1,"46":1,"47":0,"48":0},"f":{"0":1,"1":3,"2":2,"3":2,"4":0,"5":0,"6":0,"7":0,"8":0,"9":0},"b":{"0":[1,0],"1":[1,0],"2":[0,1],"3":[1,1],"4":[0,0],"5":[0,0],"6":[0,0],"7":[0,0],"8":[0,0],"9":[0,0],"10":[1,1],"11":[0,1]},"_coverageSchema":"1a1c01bbd47fc00a2c39e90264f33305004495a9","hash":"016c417aec07b2430861b253d1da21e3dfd5affc"}
,"C:\\Users\\Sav\\Programing Projects\\powerpick\\lib\\syncHotCold.ts": {"path":"C:\\Users\\Sav\\Programing Projects\\powerpick\\lib\\syncHotCold.ts","statementMap":{"0":{"start":{"line":5,"column":0},"end":{"line":5,"column":16}},"1":{"start":{"line":7,"column":29},"end":{"line":7,"column":59}},"2":{"start":{"line":8,"column":34},"end":{"line":8,"column":69}},"3":{"start":{"line":9,"column":0},"end":{"line":11,"column":1}},"4":{"start":{"line":10,"column":2},"end":{"line":10,"column":54}},"5":{"start":{"line":13,"column":33},"end":{"line":13,"column":78}},"6":{"start":{"line":23,"column":44},"end":{"line":29,"column":1}},"7":{"start":{"line":52,"column":20},"end":{"line":52,"column":54}},"8":{"start":{"line":52,"column":36},"end":{"line":52,"column":53}},"9":{"start":{"line":53,"column":45},"end":{"line":57,"column":3}},"10":{"start":{"line":59,"column":32},"end":{"line":63,"column":3}},"11":{"start":{"line":65,"column":2},"end":{"line":75,"column":3}},"12":{"start":{"line":66,"column":22},"end":{"line":66,"column":72}},"13":{"start":{"line":66,"column":42},"end":{"line":66,"column":71}},"14":{"start":{"line":67,"column":20},"end":{"line":67,"column":45}},"15":{"start":{"line":67,"column":41},"end":{"line":67,"column":44}},"16":{"start":{"line":68,"column":26},"end":{"line":72,"column":5}},"17":{"start":{"line":73,"column":4},"end":{"line":73,"column":26}},"18":{"start":{"line":74,"column":4},"end":{"line":74,"column":28}},"19":{"start":{"line":77,"column":2},"end":{"line":89,"column":3}},"20":{"start":{"line":78,"column":20},"end":{"line":80,"column":56}},"21":{"start":{"line":79,"column":18},"end":{"line":79,"column":29}},"22":{"start":{"line":80,"column":34},"end":{"line":80,"column":55}},"23":{"start":{"line":81,"column":20},"end":{"line":81,"column":43}},"24":{"start":{"line":81,"column":39},"end":{"line":81,"column":42}},"25":{"start":{"line":82,"column":26},"end":{"line":86,"column":5}},"26":{"start":{"line":87,"column":4},"end":{"line":87,"column":31}},"27":{"start":{"line":88,"column":4},"end":{"line":88,"column":33}},"28":{"start":{"line":91,"column":2},"end":{"line":91,"column":16}},"29":{"start":{"line":95,"column":26},"end":{"line":97,"column":73}},"30":{"start":{"line":98,"column":2},"end":{"line":98,"column":25}},"31":{"start":{"line":98,"column":13},"end":{"line":98,"column":25}},"32":{"start":{"line":99,"column":15},"end":{"line":99,"column":25}},"33":{"start":{"line":100,"column":17},"end":{"line":100,"column":43}},"34":{"start":{"line":102,"column":33},"end":{"line":104,"column":46}},"35":{"start":{"line":105,"column":2},"end":{"line":105,"column":37}},"36":{"start":{"line":105,"column":19},"end":{"line":105,"column":37}},"37":{"start":{"line":106,"column":2},"end":{"line":106,"column":56}},"38":{"start":{"line":110,"column":26},"end":{"line":112,"column":52}},"39":{"start":{"line":113,"column":2},"end":{"line":113,"column":25}},"40":{"start":{"line":113,"column":13},"end":{"line":113,"column":25}},"41":{"start":{"line":114,"column":16},"end":{"line":114,"column":44}},"42":{"start":{"line":115,"column":2},"end":{"line":119,"column":3}},"43":{"start":{"line":116,"column":18},"end":{"line":116,"column":35}},"44":{"start":{"line":117,"column":4},"end":{"line":117,"column":25}},"45":{"start":{"line":117,"column":16},"end":{"line":117,"column":25}},"46":{"start":{"line":118,"column":4},"end":{"line":118,"column":45}},"47":{"start":{"line":122,"column":0},"end":{"line":124,"column":1}},"48":{"start":{"line":123,"column":2},"end":{"line":123,"column":64}},"49":{"start":{"line":123,"column":34},"end":{"line":123,"column":62}}},"fnMap":{"0":{"name":"computeHotCold","decl":{"start":{"line":47,"column":16},"end":{"line":47,"column":30}},"loc":{"start":{"line":51,"column":17},"end":{"line":92,"column":1}},"line":51},"1":{"name":"(anonymous_1)","decl":{"start":{"line":52,"column":29},"end":{"line":52,"column":30}},"loc":{"start":{"line":52,"column":36},"end":{"line":52,"column":53}},"line":52},"2":{"name":"(anonymous_2)","decl":{"start":{"line":66,"column":35},"end":{"line":66,"column":36}},"loc":{"start":{"line":66,"column":42},"end":{"line":66,"column":71}},"line":66},"3":{"name":"(anonymous_3)","decl":{"start":{"line":67,"column":34},"end":{"line":67,"column":35}},"loc":{"start":{"line":67,"column":41},"end":{"line":67,"column":44}},"line":67},"4":{"name":"(anonymous_4)","decl":{"start":{"line":79,"column":11},"end":{"line":79,"column":12}},"loc":{"start":{"line":79,"column":18},"end":{"line":79,"column":29}},"line":79},"5":{"name":"(anonymous_5)","decl":{"start":{"line":80,"column":14},"end":{"line":80,"column":15}},"loc":{"start":{"line":80,"column":34},"end":{"line":80,"column":55}},"line":80},"6":{"name":"(anonymous_6)","decl":{"start":{"line":81,"column":32},"end":{"line":81,"column":33}},"loc":{"start":{"line":81,"column":39},"end":{"line":81,"column":42}},"line":81},"7":{"name":"updateGameHotCold","decl":{"start":{"line":94,"column":15},"end":{"line":94,"column":32}},"loc":{"start":{"line":94,"column":66},"end":{"line":107,"column":1}},"line":94},"8":{"name":"syncAllHotCold","decl":{"start":{"line":109,"column":22},"end":{"line":109,"column":36}},"loc":{"start":{"line":109,"column":54},"end":{"line":120,"column":1}},"line":109},"9":{"name":"(anonymous_9)","decl":{"start":{"line":123,"column":25},"end":{"line":123,"column":26}},"loc":{"start":{"line":123,"column":34},"end":{"line":123,"column":62}},"line":123}},"branchMap":{"0":{"loc":{"start":{"line":7,"column":29},"end":{"line":7,"column":59}},"type":"binary-expr","locations":[{"start":{"line":7,"column":29},"end":{"line":7,"column":53}},{"start":{"line":7,"column":57},"end":{"line":7,"column":59}}],"line":7},"1":{"loc":{"start":{"line":8,"column":34},"end":{"line":8,"column":69}},"type":"binary-expr","locations":[{"start":{"line":8,"column":34},"end":{"line":8,"column":63}},{"start":{"line":8,"column":67},"end":{"line":8,"column":69}}],"line":8},"2":{"loc":{"start":{"line":9,"column":0},"end":{"line":11,"column":1}},"type":"if","locations":[{"start":{"line":9,"column":0},"end":{"line":11,"column":1}},{"start":{},"end":{}}],"line":9},"3":{"loc":{"start":{"line":9,"column":4},"end":{"line":9,"column":39}},"type":"binary-expr","locations":[{"start":{"line":9,"column":4},"end":{"line":9,"column":17}},{"start":{"line":9,"column":21},"end":{"line":9,"column":39}}],"line":9},"4":{"loc":{"start":{"line":50,"column":2},"end":{"line":50,"column":14}},"type":"default-arg","locations":[{"start":{"line":50,"column":12},"end":{"line":50,"column":14}}],"line":50},"5":{"loc":{"start":{"line":65,"column":2},"end":{"line":75,"column":3}},"type":"if","locations":[{"start":{"line":65,"column":2},"end":{"line":75,"column":3}},{"start":{},"end":{}}],"line":65},"6":{"loc":{"start":{"line":66,"column":42},"end":{"line":66,"column":71}},"type":"binary-expr","locations":[{"start":{"line":66,"column":42},"end":{"line":66,"column":65}},{"start":{"line":66,"column":69},"end":{"line":66,"column":71}}],"line":66},"7":{"loc":{"start":{"line":77,"column":2},"end":{"line":89,"column":3}},"type":"if","locations":[{"start":{"line":77,"column":2},"end":{"line":89,"column":3}},{"start":{},"end":{}}],"line":77},"8":{"loc":{"start":{"line":98,"column":2},"end":{"line":98,"column":25}},"type":"if","locations":[{"start":{"line":98,"column":2},"end":{"line":98,"column":25}},{"start":{},"end":{}}],"line":98},"9":{"loc":{"start":{"line":99,"column":15},"end":{"line":99,"column":25}},"type":"binary-expr","locations":[{"start":{"line":99,"column":15},"end":{"line":99,"column":19}},{"start":{"line":99,"column":23},"end":{"line":99,"column":25}}],"line":99},"10":{"loc":{"start":{"line":105,"column":2},"end":{"line":105,"column":37}},"type":"if","locations":[{"start":{"line":105,"column":2},"end":{"line":105,"column":37}},{"start":{},"end":{}}],"line":105},"11":{"loc":{"start":{"line":113,"column":2},"end":{"line":113,"column":25}},"type":"if","locations":[{"start":{"line":113,"column":2},"end":{"line":113,"column":25}},{"start":{},"end":{}}],"line":113},"12":{"loc":{"start":{"line":114,"column":17},"end":{"line":114,"column":27}},"type":"binary-expr","locations":[{"start":{"line":114,"column":17},"end":{"line":114,"column":21}},{"start":{"line":114,"column":25},"end":{"line":114,"column":27}}],"line":114},"13":{"loc":{"start":{"line":117,"column":4},"end":{"line":117,"column":25}},"type":"if","locations":[{"start":{"line":117,"column":4},"end":{"line":117,"column":25}},{"start":{},"end":{}}],"line":117},"14":{"loc":{"start":{"line":122,"column":0},"end":{"line":124,"column":1}},"type":"if","locations":[{"start":{"line":122,"column":0},"end":{"line":124,"column":1}},{"start":{},"end":{}}],"line":122}},"s":{"0":1,"1":1,"2":1,"3":1,"4":0,"5":1,"6":1,"7":1,"8":3,"9":1,"10":1,"11":1,"12":1,"13":3,"14":1,"15":3,"16":1,"17":1,"18":1,"19":1,"20":1,"21":3,"22":3,"23":1,"24":3,"25":1,"26":1,"27":1,"28":1,"29":0,"30":0,"31":0,"32":0,"33":0,"34":0,"35":0,"36":0,"37":0,"38":0,"39":0,"40":0,"41":0,"42":0,"43":0,"44":0,"45":0,"46":0,"47":1,"48":0,"49":0},"f":{"0":1,"1":3,"2":3,"3":3,"4":3,"5":3,"6":3,"7":0,"8":0,"9":0},"b":{"0":[1,0],"1":[1,0],"2":[0,1],"3":[1,1],"4":[0],"5":[1,0],"6":[3,0],"7":[1,0],"8":[0,0],"9":[0,0],"10":[0,0],"11":[0,0],"12":[0,0],"13":[0,0],"14":[0,1]},"_coverageSchema":"1a1c01bbd47fc00a2c39e90264f33305004495a9","hash":"ad6520739189c1804a94d8f365189d8b7615682b"}
,"C:\\Users\\Sav\\Programing Projects\\powerpick\\lib\\theme.tsx": {"path":"C:\\Users\\Sav\\Programing Projects\\powerpick\\lib\\theme.tsx","statementMap":{"0":{"start":{"line":44,"column":21},"end":{"line":62,"column":1}},"1":{"start":{"line":47,"column":4},"end":{"line":49,"column":69}},"2":{"start":{"line":51,"column":2},"end":{"line":55,"column":3}},"3":{"start":{"line":52,"column":4},"end":{"line":52,"column":67}},"4":{"start":{"line":53,"column":4},"end":{"line":53,"column":65}},"5":{"start":{"line":54,"column":4},"end":{"line":54,"column":60}},"6":{"start":{"line":56,"column":2},"end":{"line":59,"column":3}},"7":{"start":{"line":57,"column":4},"end":{"line":57,"column":66}},"8":{"start":{"line":58,"column":4},"end":{"line":58,"column":64}},"9":{"start":{"line":61,"column":2},"end":{"line":61,"column":54}},"10":{"start":{"line":68,"column":16},"end":{"line":68,"column":26}},"11":{"start":{"line":69,"column":19},"end":{"line":69,"column":30}},"12":{"start":{"line":71,"column":17},"end":{"line":71,"column":72}},"13":{"start":{"line":73,"column":24},"end":{"line":77,"column":1}},"14":{"start":{"line":74,"column":14},"end":{"line":74,"column":34}},"15":{"start":{"line":75,"column":2},"end":{"line":75,"column":76}},"16":{"start":{"line":75,"column":12},"end":{"line":75,"column":76}},"17":{"start":{"line":76,"column":2},"end":{"line":76,"column":13}},"18":{"start":{"line":79,"column":30},"end":{"line":79,"column":59}},"19":{"start":{"line":79,"column":36},"end":{"line":79,"column":59}},"20":{"start":{"line":81,"column":64},"end":{"line":123,"column":1}},"21":{"start":{"line":86,"column":19},"end":{"line":86,"column":63}},"22":{"start":{"line":87,"column":30},"end":{"line":87,"column":61}},"23":{"start":{"line":88,"column":28},"end":{"line":88,"column":43}},"24":{"start":{"line":91,"column":2},"end":{"line":100,"column":9}},"25":{"start":{"line":92,"column":4},"end":{"line":99,"column":6}},"26":{"start":{"line":94,"column":8},"end":{"line":97,"column":11}},"27":{"start":{"line":95,"column":10},"end":{"line":95,"column":73}},"28":{"start":{"line":95,"column":49},"end":{"line":95,"column":73}},"29":{"start":{"line":96,"column":10},"end":{"line":96,"column":75}},"30":{"start":{"line":96,"column":43},"end":{"line":96,"column":75}},"31":{"start":{"line":103,"column":20},"end":{"line":108,"column":3}},"32":{"start":{"line":104,"column":4},"end":{"line":107,"column":7}},"33":{"start":{"line":105,"column":6},"end":{"line":105,"column":54}},"34":{"start":{"line":106,"column":6},"end":{"line":106,"column":19}},"35":{"start":{"line":111,"column":23},"end":{"line":117,"column":3}},"36":{"start":{"line":112,"column":4},"end":{"line":116,"column":7}},"37":{"start":{"line":113,"column":19},"end":{"line":113,"column":54}},"38":{"start":{"line":114,"column":6},"end":{"line":114,"column":45}},"39":{"start":{"line":115,"column":6},"end":{"line":115,"column":18}},"40":{"start":{"line":119,"column":18},"end":{"line":119,"column":45}},"41":{"start":{"line":120,"column":35},"end":{"line":120,"column":74}},"42":{"start":{"line":122,"column":2},"end":{"line":122,"column":73}}},"fnMap":{"0":{"name":"(anonymous_0)","decl":{"start":{"line":44,"column":21},"end":{"line":44,"column":22}},"loc":{"start":{"line":44,"column":76},"end":{"line":62,"column":1}},"line":44},"1":{"name":"(anonymous_1)","decl":{"start":{"line":73,"column":24},"end":{"line":73,"column":25}},"loc":{"start":{"line":73,"column":49},"end":{"line":77,"column":1}},"line":73},"2":{"name":"(anonymous_2)","decl":{"start":{"line":79,"column":30},"end":{"line":79,"column":31}},"loc":{"start":{"line":79,"column":36},"end":{"line":79,"column":59}},"line":79},"3":{"name":"(anonymous_3)","decl":{"start":{"line":81,"column":64},"end":{"line":81,"column":65}},"loc":{"start":{"line":85,"column":6},"end":{"line":123,"column":1}},"line":85},"4":{"name":"(anonymous_4)","decl":{"start":{"line":91,"column":12},"end":{"line":91,"column":13}},"loc":{"start":{"line":91,"column":18},"end":{"line":100,"column":3}},"line":91},"5":{"name":"(anonymous_5)","decl":{"start":{"line":93,"column":6},"end":{"line":93,"column":7}},"loc":{"start":{"line":93,"column":55},"end":{"line":98,"column":7}},"line":93},"6":{"name":"(anonymous_6)","decl":{"start":{"line":94,"column":24},"end":{"line":94,"column":25}},"loc":{"start":{"line":94,"column":76},"end":{"line":97,"column":9}},"line":94},"7":{"name":"(anonymous_7)","decl":{"start":{"line":103,"column":20},"end":{"line":103,"column":21}},"loc":{"start":{"line":103,"column":26},"end":{"line":108,"column":3}},"line":103},"8":{"name":"(anonymous_8)","decl":{"start":{"line":104,"column":13},"end":{"line":104,"column":14}},"loc":{"start":{"line":104,"column":32},"end":{"line":107,"column":5}},"line":104},"9":{"name":"(anonymous_9)","decl":{"start":{"line":111,"column":23},"end":{"line":111,"column":24}},"loc":{"start":{"line":111,"column":29},"end":{"line":117,"column":3}},"line":111},"10":{"name":"(anonymous_10)","decl":{"start":{"line":112,"column":14},"end":{"line":112,"column":15}},"loc":{"start":{"line":112,"column":37},"end":{"line":116,"column":5}},"line":112}},"branchMap":{"0":{"loc":{"start":{"line":47,"column":4},"end":{"line":49,"column":69}},"type":"cond-expr","locations":[{"start":{"line":48,"column":8},"end":{"line":48,"column":46}},{"start":{"line":49,"column":9},"end":{"line":49,"column":68}}],"line":47},"1":{"loc":{"start":{"line":51,"column":2},"end":{"line":55,"column":3}},"type":"if","locations":[{"start":{"line":51,"column":2},"end":{"line":55,"column":3}},{"start":{},"end":{}}],"line":51},"2":{"loc":{"start":{"line":56,"column":2},"end":{"line":59,"column":3}},"type":"if","locations":[{"start":{"line":56,"column":2},"end":{"line":59,"column":3}},{"start":{},"end":{}}],"line":56},"3":{"loc":{"start":{"line":75,"column":2},"end":{"line":75,"column":76}},"type":"if","locations":[{"start":{"line":75,"column":2},"end":{"line":75,"column":76}},{"start":{},"end":{}}],"line":75},"4":{"loc":{"start":{"line":86,"column":19},"end":{"line":86,"column":63}},"type":"binary-expr","locations":[{"start":{"line":86,"column":20},"end":{"line":86,"column":51}},{"start":{"line":86,"column":56},"end":{"line":86,"column":63}}],"line":86},"5":{"loc":{"start":{"line":95,"column":10},"end":{"line":95,"column":73}},"type":"if","locations":[{"start":{"line":95,"column":10},"end":{"line":95,"column":73}},{"start":{},"end":{}}],"line":95},"6":{"loc":{"start":{"line":95,"column":14},"end":{"line":95,"column":47}},"type":"binary-expr","locations":[{"start":{"line":95,"column":14},"end":{"line":95,"column":29}},{"start":{"line":95,"column":33},"end":{"line":95,"column":47}}],"line":95},"7":{"loc":{"start":{"line":96,"column":10},"end":{"line":96,"column":75}},"type":"if","locations":[{"start":{"line":96,"column":10},"end":{"line":96,"column":75}},{"start":{},"end":{}}],"line":96},"8":{"loc":{"start":{"line":96,"column":14},"end":{"line":96,"column":41}},"type":"binary-expr","locations":[{"start":{"line":96,"column":14},"end":{"line":96,"column":32}},{"start":{"line":96,"column":36},"end":{"line":96,"column":41}}],"line":96},"9":{"loc":{"start":{"line":105,"column":36},"end":{"line":105,"column":52}},"type":"cond-expr","locations":[{"start":{"line":105,"column":43},"end":{"line":105,"column":46}},{"start":{"line":105,"column":49},"end":{"line":105,"column":52}}],"line":105},"10":{"loc":{"start":{"line":113,"column":19},"end":{"line":113,"column":54}},"type":"cond-expr","locations":[{"start":{"line":113,"column":38},"end":{"line":113,"column":44}},{"start":{"line":113,"column":47},"end":{"line":113,"column":54}}],"line":113}},"s":{"0":5,"1":15,"2":15,"3":0,"4":0,"5":0,"6":15,"7":0,"8":0,"9":15,"10":5,"11":5,"12":5,"13":5,"14":34,"15":34,"16":0,"17":34,"18":5,"19":0,"20":5,"21":15,"22":15,"23":15,"24":15,"25":15,"26":15,"27":30,"28":0,"29":30,"30":0,"31":15,"32":0,"33":0,"34":0,"35":15,"36":0,"37":0,"38":0,"39":0,"40":15,"41":15,"42":15},"f":{"0":15,"1":34,"2":0,"3":15,"4":15,"5":15,"6":30,"7":0,"8":0,"9":0,"10":0},"b":{"0":[0,15],"1":[0,15],"2":[0,15],"3":[0,34],"4":[15,0],"5":[0,30],"6":[30,15],"7":[0,30],"8":[30,15],"9":[0,0],"10":[0,0]},"_coverageSchema":"1a1c01bbd47fc00a2c39e90264f33305004495a9","hash":"27b154a64d7195d61273f9429d0c8d547182feca"}
,"C:\\Users\\Sav\\Programing Projects\\powerpick\\stores\\useGamesStore.ts": {"path":"C:\\Users\\Sav\\Programing Projects\\powerpick\\stores\\useGamesStore.ts","statementMap":{"0":{"start":{"line":10,"column":29},"end":{"line":14,"column":3}},"1":{"start":{"line":10,"column":63},"end":{"line":14,"column":1}},"2":{"start":{"line":12,"column":31},"end":{"line":12,"column":45}},"3":{"start":{"line":13,"column":27},"end":{"line":13,"column":63}},"4":{"start":{"line":13,"column":51},"end":{"line":13,"column":62}}},"fnMap":{"0":{"name":"(anonymous_0)","decl":{"start":{"line":10,"column":48},"end":{"line":10,"column":49}},"loc":{"start":{"line":10,"column":63},"end":{"line":14,"column":1}},"line":10},"1":{"name":"(anonymous_1)","decl":{"start":{"line":12,"column":12},"end":{"line":12,"column":13}},"loc":{"start":{"line":12,"column":31},"end":{"line":12,"column":45}},"line":12},"2":{"name":"(anonymous_2)","decl":{"start":{"line":13,"column":11},"end":{"line":13,"column":12}},"loc":{"start":{"line":13,"column":27},"end":{"line":13,"column":63}},"line":13},"3":{"name":"(anonymous_3)","decl":{"start":{"line":13,"column":44},"end":{"line":13,"column":45}},"loc":{"start":{"line":13,"column":51},"end":{"line":13,"column":62}},"line":13}},"branchMap":{},"s":{"0":2,"1":2,"2":2,"3":27,"4":27},"f":{"0":2,"1":2,"2":27,"3":27},"b":{},"_coverageSchema":"1a1c01bbd47fc00a2c39e90264f33305004495a9","hash":"1f21ae88a52ded5f651789153b6939de32f3b091"}
,"C:\\Users\\Sav\\Programing Projects\\powerpick\\stores\\useGeneratedNumbersStore.ts": {"path":"C:\\Users\\Sav\\Programing Projects\\powerpick\\stores\\useGeneratedNumbersStore.ts","statementMap":{"0":{"start":{"line":10,"column":20},"end":{"line":10,"column":41}},"1":{"start":{"line":12,"column":40},"end":{"line":24,"column":1}},"2":{"start":{"line":14,"column":14},"end":{"line":21,"column":5}},"3":{"start":{"line":17,"column":8},"end":{"line":20,"column":10}},"4":{"start":{"line":18,"column":26},"end":{"line":18,"column":50}},"5":{"start":{"line":19,"column":10},"end":{"line":19,"column":78}},"6":{"start":{"line":22,"column":58},"end":{"line":22,"column":70}}},"fnMap":{"0":{"name":"(anonymous_0)","decl":{"start":{"line":14,"column":4},"end":{"line":14,"column":5}},"loc":{"start":{"line":14,"column":14},"end":{"line":21,"column":5}},"line":14},"1":{"name":"(anonymous_1)","decl":{"start":{"line":16,"column":19},"end":{"line":16,"column":20}},"loc":{"start":{"line":17,"column":8},"end":{"line":20,"column":10}},"line":17},"2":{"name":"(anonymous_2)","decl":{"start":{"line":17,"column":12},"end":{"line":17,"column":13}},"loc":{"start":{"line":17,"column":23},"end":{"line":20,"column":9}},"line":17},"3":{"name":"(anonymous_3)","decl":{"start":{"line":22,"column":52},"end":{"line":22,"column":53}},"loc":{"start":{"line":22,"column":58},"end":{"line":22,"column":70}},"line":22}},"branchMap":{"0":{"loc":{"start":{"line":18,"column":26},"end":{"line":18,"column":50}},"type":"binary-expr","locations":[{"start":{"line":18,"column":26},"end":{"line":18,"column":44}},{"start":{"line":18,"column":48},"end":{"line":18,"column":50}}],"line":18}},"s":{"0":2,"1":2,"2":2,"3":2,"4":2,"5":2,"6":2},"f":{"0":2,"1":2,"2":2,"3":2},"b":{"0":[2,2]},"_coverageSchema":"1a1c01bbd47fc00a2c39e90264f33305004495a9","hash":"2f5881162a8e5660f4870d228d98425f8d4b6543"}
,"C:\\Users\\Sav\\Programing Projects\\powerpick\\stores\\useRegionStore.ts": {"path":"C:\\Users\\Sav\\Programing Projects\\powerpick\\stores\\useRegionStore.ts","statementMap":{"0":{"start":{"line":11,"column":30},"end":{"line":14,"column":3}},"1":{"start":{"line":11,"column":60},"end":{"line":14,"column":1}},"2":{"start":{"line":13,"column":28},"end":{"line":13,"column":46}}},"fnMap":{"0":{"name":"(anonymous_0)","decl":{"start":{"line":11,"column":50},"end":{"line":11,"column":51}},"loc":{"start":{"line":11,"column":60},"end":{"line":14,"column":1}},"line":11},"1":{"name":"(anonymous_1)","decl":{"start":{"line":13,"column":13},"end":{"line":13,"column":14}},"loc":{"start":{"line":13,"column":28},"end":{"line":13,"column":46}},"line":13}},"branchMap":{},"s":{"0":2,"1":2,"2":0},"f":{"0":2,"1":0},"b":{},"_coverageSchema":"1a1c01bbd47fc00a2c39e90264f33305004495a9","hash":"1949df06529abb29f36fbe1e8724c9bd3c2592e5"}
}
