{"C:\\Users\\Sav\\Programing Projects\\powerpick\\app\\index.tsx": {"path":"C:\\Users\\Sav\\Programing Projects\\powerpick\\app\\index.tsx","statementMap":{"0":{"start":{"line":13,"column":21},"end":{"line":13,"column":31}},"1":{"start":{"line":14,"column":17},"end":{"line":14,"column":28}},"2":{"start":{"line":15,"column":28},"end":{"line":15,"column":48}},"3":{"start":{"line":16,"column":32},"end":{"line":16,"column":46}},"4":{"start":{"line":17,"column":28},"end":{"line":17,"column":57}},"5":{"start":{"line":19,"column":2},"end":{"line":33,"column":9}},"6":{"start":{"line":20,"column":22},"end":{"line":30,"column":5}},"7":{"start":{"line":21,"column":6},"end":{"line":29,"column":7}},"8":{"start":{"line":22,"column":21},"end":{"line":22,"column":39}},"9":{"start":{"line":23,"column":8},"end":{"line":23,"column":23}},"10":{"start":{"line":25,"column":8},"end":{"line":25,"column":54}},"11":{"start":{"line":26,"column":8},"end":{"line":26,"column":41}},"12":{"start":{"line":28,"column":8},"end":{"line":28,"column":26}},"13":{"start":{"line":32,"column":4},"end":{"line":32,"column":16}},"14":{"start":{"line":35,"column":27},"end":{"line":37,"column":3}},"15":{"start":{"line":36,"column":4},"end":{"line":36,"column":44}},"16":{"start":{"line":39,"column":17},"end":{"line":57,"column":4}},"17":{"start":{"line":59,"column":2},"end":{"line":75,"column":4}}},"fnMap":{"0":{"name":"IndexScreen","decl":{"start":{"line":12,"column":24},"end":{"line":12,"column":35}},"loc":{"start":{"line":12,"column":38},"end":{"line":76,"column":1}},"line":12},"1":{"name":"(anonymous_1)","decl":{"start":{"line":19,"column":12},"end":{"line":19,"column":13}},"loc":{"start":{"line":19,"column":18},"end":{"line":33,"column":3}},"line":19},"2":{"name":"(anonymous_2)","decl":{"start":{"line":20,"column":22},"end":{"line":20,"column":23}},"loc":{"start":{"line":20,"column":34},"end":{"line":30,"column":5}},"line":20},"3":{"name":"(anonymous_3)","decl":{"start":{"line":35,"column":27},"end":{"line":35,"column":28}},"loc":{"start":{"line":35,"column":43},"end":{"line":37,"column":3}},"line":35}},"branchMap":{"0":{"loc":{"start":{"line":66,"column":9},"end":{"line":72,"column":9}},"type":"cond-expr","locations":[{"start":{"line":67,"column":10},"end":{"line":67,"column":57}},{"start":{"line":68,"column":12},"end":{"line":72,"column":9}}],"line":66},"1":{"loc":{"start":{"line":68,"column":12},"end":{"line":72,"column":9}},"type":"cond-expr","locations":[{"start":{"line":69,"column":10},"end":{"line":69,"column":62}},{"start":{"line":71,"column":10},"end":{"line":71,"column":68}}],"line":68}},"s":{"0":1,"1":1,"2":1,"3":1,"4":1,"5":1,"6":1,"7":1,"8":1,"9":0,"10":0,"11":0,"12":0,"13":1,"14":1,"15":0,"16":1,"17":1},"f":{"0":1,"1":1,"2":1,"3":0},"b":{"0":[0,1],"1":[1,0]},"_coverageSchema":"1a1c01bbd47fc00a2c39e90264f33305004495a9","hash":"7410b73ea0ce3c142fd18760ae0c0050ab87b8a8"}
,"C:\\Users\\Sav\\Programing Projects\\powerpick\\components\\GameCard.tsx": {"path":"C:\\Users\\Sav\\Programing Projects\\powerpick\\components\\GameCard.tsx","statementMap":{"0":{"start":{"line":22,"column":21},"end":{"line":22,"column":31}},"1":{"start":{"line":23,"column":17},"end":{"line":42,"column":4}},"2":{"start":{"line":44,"column":32},"end":{"line":44,"column":46}},"3":{"start":{"line":45,"column":28},"end":{"line":45,"column":43}},"4":{"start":{"line":48,"column":4},"end":{"line":48,"column":64}},"5":{"start":{"line":50,"column":2},"end":{"line":82,"column":4}},"6":{"start":{"line":70,"column":12},"end":{"line":70,"column":29}},"7":{"start":{"line":71,"column":12},"end":{"line":71,"column":28}},"8":{"start":{"line":73,"column":27},"end":{"line":73,"column":44}},"9":{"start":{"line":75,"column":12},"end":{"line":75,"column":30}},"10":{"start":{"line":76,"column":12},"end":{"line":76,"column":27}}},"fnMap":{"0":{"name":"GameCard","decl":{"start":{"line":21,"column":24},"end":{"line":21,"column":32}},"loc":{"start":{"line":21,"column":67},"end":{"line":83,"column":1}},"line":21},"1":{"name":"(anonymous_1)","decl":{"start":{"line":69,"column":23},"end":{"line":69,"column":24}},"loc":{"start":{"line":69,"column":29},"end":{"line":72,"column":11}},"line":69},"2":{"name":"(anonymous_2)","decl":{"start":{"line":73,"column":21},"end":{"line":73,"column":22}},"loc":{"start":{"line":73,"column":27},"end":{"line":73,"column":44}},"line":73},"3":{"name":"(anonymous_3)","decl":{"start":{"line":74,"column":19},"end":{"line":74,"column":20}},"loc":{"start":{"line":74,"column":25},"end":{"line":77,"column":11}},"line":74}},"branchMap":{"0":{"loc":{"start":{"line":48,"column":4},"end":{"line":48,"column":64}},"type":"cond-expr","locations":[{"start":{"line":48,"column":29},"end":{"line":48,"column":40}},{"start":{"line":48,"column":43},"end":{"line":48,"column":64}}],"line":48},"1":{"loc":{"start":{"line":48,"column":4},"end":{"line":48,"column":26}},"type":"binary-expr","locations":[{"start":{"line":48,"column":4},"end":{"line":48,"column":9}},{"start":{"line":48,"column":13},"end":{"line":48,"column":26}}],"line":48},"2":{"loc":{"start":{"line":57,"column":7},"end":{"line":57,"column":59}},"type":"binary-expr","locations":[{"start":{"line":57,"column":7},"end":{"line":57,"column":14}},{"start":{"line":57,"column":18},"end":{"line":57,"column":59}}],"line":57},"3":{"loc":{"start":{"line":58,"column":7},"end":{"line":79,"column":7}},"type":"cond-expr","locations":[{"start":{"line":59,"column":8},"end":{"line":63,"column":10}},{"start":{"line":65,"column":8},"end":{"line":78,"column":10}}],"line":58},"4":{"loc":{"start":{"line":58,"column":7},"end":{"line":58,"column":29}},"type":"binary-expr","locations":[{"start":{"line":58,"column":7},"end":{"line":58,"column":12}},{"start":{"line":58,"column":16},"end":{"line":58,"column":29}}],"line":58}},"s":{"0":0,"1":0,"2":0,"3":0,"4":0,"5":0,"6":0,"7":0,"8":0,"9":0,"10":0},"f":{"0":0,"1":0,"2":0,"3":0},"b":{"0":[0,0],"1":[0,0],"2":[0,0],"3":[0,0],"4":[0,0]},"_coverageSchema":"1a1c01bbd47fc00a2c39e90264f33305004495a9","hash":"c6fb8786c0c56b42543f69ff4b79ed58216caaaa"}
,"C:\\Users\\Sav\\Programing Projects\\powerpick\\components\\GameGrid.tsx": {"path":"C:\\Users\\Sav\\Programing Projects\\powerpick\\components\\GameGrid.tsx","statementMap":{"0":{"start":{"line":12,"column":2},"end":{"line":22,"column":4}},"1":{"start":{"line":15,"column":36},"end":{"line":15,"column":43}},"2":{"start":{"line":19,"column":8},"end":{"line":19,"column":67}},"3":{"start":{"line":19,"column":45},"end":{"line":19,"column":63}},"4":{"start":{"line":25,"column":15},"end":{"line":29,"column":2}}},"fnMap":{"0":{"name":"GameGrid","decl":{"start":{"line":11,"column":24},"end":{"line":11,"column":32}},"loc":{"start":{"line":11,"column":73},"end":{"line":23,"column":1}},"line":11},"1":{"name":"(anonymous_1)","decl":{"start":{"line":15,"column":20},"end":{"line":15,"column":21}},"loc":{"start":{"line":15,"column":36},"end":{"line":15,"column":43}},"line":15},"2":{"name":"(anonymous_2)","decl":{"start":{"line":18,"column":18},"end":{"line":18,"column":19}},"loc":{"start":{"line":19,"column":8},"end":{"line":19,"column":67}},"line":19},"3":{"name":"(anonymous_3)","decl":{"start":{"line":19,"column":39},"end":{"line":19,"column":40}},"loc":{"start":{"line":19,"column":45},"end":{"line":19,"column":63}},"line":19}},"branchMap":{},"s":{"0":0,"1":0,"2":0,"3":0,"4":1},"f":{"0":0,"1":0,"2":0,"3":0},"b":{},"_coverageSchema":"1a1c01bbd47fc00a2c39e90264f33305004495a9","hash":"6513b305d11eed58d0689b902b0c0482702a5384"}
,"C:\\Users\\Sav\\Programing Projects\\powerpick\\components\\Header.tsx": {"path":"C:\\Users\\Sav\\Programing Projects\\powerpick\\components\\Header.tsx","statementMap":{"0":{"start":{"line":6,"column":13},"end":{"line":6,"column":42}},"1":{"start":{"line":9,"column":21},"end":{"line":9,"column":31}},"2":{"start":{"line":10,"column":17},"end":{"line":10,"column":28}},"3":{"start":{"line":12,"column":17},"end":{"line":29,"column":4}},"4":{"start":{"line":31,"column":2},"end":{"line":43,"column":4}},"5":{"start":{"line":39,"column":32},"end":{"line":39,"column":56}},"6":{"start":{"line":46,"column":23},"end":{"line":46,"column":64}}},"fnMap":{"0":{"name":"Header","decl":{"start":{"line":8,"column":24},"end":{"line":8,"column":30}},"loc":{"start":{"line":8,"column":33},"end":{"line":44,"column":1}},"line":8},"1":{"name":"(anonymous_1)","decl":{"start":{"line":39,"column":26},"end":{"line":39,"column":27}},"loc":{"start":{"line":39,"column":32},"end":{"line":39,"column":56}},"line":39}},"branchMap":{},"s":{"0":1,"1":1,"2":1,"3":1,"4":1,"5":0,"6":1},"f":{"0":1,"1":0},"b":{},"_coverageSchema":"1a1c01bbd47fc00a2c39e90264f33305004495a9","hash":"001b2c194ba30538bf0fc889c6c5f8db33bbc349"}
,"C:\\Users\\Sav\\Programing Projects\\powerpick\\components\\RegionPicker.tsx": {"path":"C:\\Users\\Sav\\Programing Projects\\powerpick\\components\\RegionPicker.tsx","statementMap":{"0":{"start":{"line":8,"column":33},"end":{"line":8,"column":51}},"1":{"start":{"line":11,"column":21},"end":{"line":11,"column":31}},"2":{"start":{"line":12,"column":17},"end":{"line":12,"column":48}},"3":{"start":{"line":12,"column":39},"end":{"line":12,"column":47}},"4":{"start":{"line":13,"column":20},"end":{"line":13,"column":54}},"5":{"start":{"line":13,"column":42},"end":{"line":13,"column":53}},"6":{"start":{"line":14,"column":32},"end":{"line":14,"column":47}},"7":{"start":{"line":16,"column":19},"end":{"line":17,"column":53}},"8":{"start":{"line":17,"column":4},"end":{"line":17,"column":53}},"9":{"start":{"line":19,"column":17},"end":{"line":67,"column":4}},"10":{"start":{"line":69,"column":2},"end":{"line":103,"column":4}},"11":{"start":{"line":71,"column":54},"end":{"line":71,"column":70}},"12":{"start":{"line":81,"column":30},"end":{"line":81,"column":47}},"13":{"start":{"line":83,"column":58},"end":{"line":83,"column":75}},"14":{"start":{"line":86,"column":14},"end":{"line":97,"column":26}},"15":{"start":{"line":90,"column":18},"end":{"line":90,"column":33}},"16":{"start":{"line":91,"column":18},"end":{"line":91,"column":36}}},"fnMap":{"0":{"name":"RegionPicker","decl":{"start":{"line":10,"column":24},"end":{"line":10,"column":36}},"loc":{"start":{"line":10,"column":39},"end":{"line":104,"column":1}},"line":10},"1":{"name":"(anonymous_1)","decl":{"start":{"line":12,"column":32},"end":{"line":12,"column":33}},"loc":{"start":{"line":12,"column":39},"end":{"line":12,"column":47}},"line":12},"2":{"name":"(anonymous_2)","decl":{"start":{"line":13,"column":35},"end":{"line":13,"column":36}},"loc":{"start":{"line":13,"column":42},"end":{"line":13,"column":53}},"line":13},"3":{"name":"(anonymous_3)","decl":{"start":{"line":16,"column":19},"end":{"line":16,"column":20}},"loc":{"start":{"line":17,"column":4},"end":{"line":17,"column":53}},"line":17},"4":{"name":"(anonymous_4)","decl":{"start":{"line":71,"column":48},"end":{"line":71,"column":49}},"loc":{"start":{"line":71,"column":54},"end":{"line":71,"column":70}},"line":71},"5":{"name":"(anonymous_5)","decl":{"start":{"line":81,"column":24},"end":{"line":81,"column":25}},"loc":{"start":{"line":81,"column":30},"end":{"line":81,"column":47}},"line":81},"6":{"name":"(anonymous_6)","decl":{"start":{"line":83,"column":52},"end":{"line":83,"column":53}},"loc":{"start":{"line":83,"column":58},"end":{"line":83,"column":75}},"line":83},"7":{"name":"(anonymous_7)","decl":{"start":{"line":85,"column":32},"end":{"line":85,"column":33}},"loc":{"start":{"line":86,"column":14},"end":{"line":97,"column":26}},"line":86},"8":{"name":"(anonymous_8)","decl":{"start":{"line":89,"column":25},"end":{"line":89,"column":26}},"loc":{"start":{"line":89,"column":31},"end":{"line":92,"column":17}},"line":89}},"branchMap":{"0":{"loc":{"start":{"line":96,"column":17},"end":{"line":96,"column":74}},"type":"binary-expr","locations":[{"start":{"line":96,"column":17},"end":{"line":96,"column":31}},{"start":{"line":96,"column":35},"end":{"line":96,"column":74}}],"line":96}},"s":{"0":1,"1":1,"2":1,"3":3,"4":1,"5":3,"6":1,"7":1,"8":4,"9":1,"10":1,"11":0,"12":0,"13":0,"14":3,"15":0,"16":0},"f":{"0":1,"1":3,"2":3,"3":4,"4":0,"5":0,"6":0,"7":3,"8":0},"b":{"0":[3,1]},"_coverageSchema":"1a1c01bbd47fc00a2c39e90264f33305004495a9","hash":"52fd272659128f77183276212b936413d30ac5bd"}
,"C:\\Users\\Sav\\Programing Projects\\powerpick\\lib\\gamesApi.ts": {"path":"C:\\Users\\Sav\\Programing Projects\\powerpick\\lib\\gamesApi.ts","statementMap":{"0":{"start":{"line":4,"column":23},"end":{"line":4,"column":34}},"1":{"start":{"line":15,"column":2},"end":{"line":15,"column":43}},"2":{"start":{"line":19,"column":32},"end":{"line":21,"column":73}},"3":{"start":{"line":23,"column":2},"end":{"line":26,"column":3}},"4":{"start":{"line":24,"column":4},"end":{"line":24,"column":50}},"5":{"start":{"line":25,"column":4},"end":{"line":25,"column":16}},"6":{"start":{"line":28,"column":2},"end":{"line":49,"column":5}},"7":{"start":{"line":29,"column":16},"end":{"line":29,"column":43}},"8":{"start":{"line":32,"column":4},"end":{"line":40,"column":5}},"9":{"start":{"line":33,"column":6},"end":{"line":33,"column":30}},"10":{"start":{"line":35,"column":18},"end":{"line":35,"column":47}},"11":{"start":{"line":38,"column":10},"end":{"line":38,"column":65}},"12":{"start":{"line":39,"column":6},"end":{"line":39,"column":36}},"13":{"start":{"line":42,"column":4},"end":{"line":42,"column":51}},"14":{"start":{"line":43,"column":4},"end":{"line":48,"column":6}}},"fnMap":{"0":{"name":"normalizeUrl","decl":{"start":{"line":14,"column":9},"end":{"line":14,"column":21}},"loc":{"start":{"line":14,"column":43},"end":{"line":16,"column":1}},"line":14},"1":{"name":"fetchGames","decl":{"start":{"line":18,"column":22},"end":{"line":18,"column":32}},"loc":{"start":{"line":18,"column":52},"end":{"line":50,"column":1}},"line":18},"2":{"name":"(anonymous_2)","decl":{"start":{"line":28,"column":26},"end":{"line":28,"column":27}},"loc":{"start":{"line":28,"column":35},"end":{"line":49,"column":3}},"line":28}},"branchMap":{"0":{"loc":{"start":{"line":23,"column":2},"end":{"line":26,"column":3}},"type":"if","locations":[{"start":{"line":23,"column":2},"end":{"line":26,"column":3}},{"start":{},"end":{}}],"line":23},"1":{"loc":{"start":{"line":28,"column":10},"end":{"line":28,"column":20}},"type":"binary-expr","locations":[{"start":{"line":28,"column":10},"end":{"line":28,"column":14}},{"start":{"line":28,"column":18},"end":{"line":28,"column":20}}],"line":28},"2":{"loc":{"start":{"line":29,"column":17},"end":{"line":29,"column":35}},"type":"binary-expr","locations":[{"start":{"line":29,"column":17},"end":{"line":29,"column":29}},{"start":{"line":29,"column":33},"end":{"line":29,"column":35}}],"line":29},"3":{"loc":{"start":{"line":32,"column":4},"end":{"line":40,"column":5}},"type":"if","locations":[{"start":{"line":32,"column":4},"end":{"line":40,"column":5}},{"start":{"line":34,"column":11},"end":{"line":40,"column":5}}],"line":32}},"s":{"0":1,"1":0,"2":1,"3":0,"4":0,"5":0,"6":0,"7":0,"8":0,"9":0,"10":0,"11":0,"12":0,"13":0,"14":0},"f":{"0":0,"1":1,"2":0},"b":{"0":[0,0],"1":[0,0],"2":[0,0],"3":[0,0]},"_coverageSchema":"1a1c01bbd47fc00a2c39e90264f33305004495a9","hash":"adaf7180ec5dce00c53dd03fe31325bd38432ea9"}
,"C:\\Users\\Sav\\Programing Projects\\powerpick\\lib\\supabase.ts": {"path":"C:\\Users\\Sav\\Programing Projects\\powerpick\\lib\\supabase.ts","statementMap":{"0":{"start":{"line":6,"column":44},"end":{"line":9,"column":1}},"1":{"start":{"line":11,"column":0},"end":{"line":13,"column":1}},"2":{"start":{"line":12,"column":2},"end":{"line":12,"column":59}},"3":{"start":{"line":15,"column":24},"end":{"line":15,"column":69}}},"fnMap":{},"branchMap":{"0":{"loc":{"start":{"line":11,"column":0},"end":{"line":13,"column":1}},"type":"if","locations":[{"start":{"line":11,"column":0},"end":{"line":13,"column":1}},{"start":{},"end":{}}],"line":11},"1":{"loc":{"start":{"line":11,"column":4},"end":{"line":11,"column":39}},"type":"binary-expr","locations":[{"start":{"line":11,"column":4},"end":{"line":11,"column":17}},{"start":{"line":11,"column":21},"end":{"line":11,"column":39}}],"line":11}},"s":{"0":1,"1":1,"2":0,"3":1},"f":{},"b":{"0":[0,1],"1":[1,1]},"_coverageSchema":"1a1c01bbd47fc00a2c39e90264f33305004495a9","hash":"ca960fc5b9a4b3c93378557a0ed3d2de57e2b031"}
,"C:\\Users\\Sav\\Programing Projects\\powerpick\\lib\\theme.tsx": {"path":"C:\\Users\\Sav\\Programing Projects\\powerpick\\lib\\theme.tsx","statementMap":{"0":{"start":{"line":44,"column":21},"end":{"line":62,"column":1}},"1":{"start":{"line":47,"column":4},"end":{"line":49,"column":46}},"2":{"start":{"line":51,"column":2},"end":{"line":55,"column":3}},"3":{"start":{"line":52,"column":4},"end":{"line":52,"column":67}},"4":{"start":{"line":53,"column":4},"end":{"line":53,"column":65}},"5":{"start":{"line":54,"column":4},"end":{"line":54,"column":60}},"6":{"start":{"line":56,"column":2},"end":{"line":59,"column":3}},"7":{"start":{"line":57,"column":4},"end":{"line":57,"column":66}},"8":{"start":{"line":58,"column":4},"end":{"line":58,"column":64}},"9":{"start":{"line":61,"column":2},"end":{"line":61,"column":54}},"10":{"start":{"line":68,"column":16},"end":{"line":68,"column":26}},"11":{"start":{"line":69,"column":19},"end":{"line":69,"column":30}},"12":{"start":{"line":71,"column":17},"end":{"line":71,"column":72}},"13":{"start":{"line":73,"column":24},"end":{"line":77,"column":1}},"14":{"start":{"line":74,"column":14},"end":{"line":74,"column":34}},"15":{"start":{"line":75,"column":2},"end":{"line":75,"column":76}},"16":{"start":{"line":75,"column":12},"end":{"line":75,"column":76}},"17":{"start":{"line":76,"column":2},"end":{"line":76,"column":13}},"18":{"start":{"line":79,"column":30},"end":{"line":79,"column":59}},"19":{"start":{"line":79,"column":36},"end":{"line":79,"column":59}},"20":{"start":{"line":81,"column":64},"end":{"line":123,"column":1}},"21":{"start":{"line":86,"column":19},"end":{"line":86,"column":63}},"22":{"start":{"line":87,"column":30},"end":{"line":87,"column":61}},"23":{"start":{"line":88,"column":28},"end":{"line":88,"column":43}},"24":{"start":{"line":91,"column":2},"end":{"line":100,"column":9}},"25":{"start":{"line":92,"column":4},"end":{"line":99,"column":6}},"26":{"start":{"line":94,"column":8},"end":{"line":97,"column":11}},"27":{"start":{"line":95,"column":10},"end":{"line":95,"column":73}},"28":{"start":{"line":95,"column":49},"end":{"line":95,"column":73}},"29":{"start":{"line":96,"column":10},"end":{"line":96,"column":75}},"30":{"start":{"line":96,"column":43},"end":{"line":96,"column":75}},"31":{"start":{"line":103,"column":20},"end":{"line":108,"column":3}},"32":{"start":{"line":104,"column":4},"end":{"line":107,"column":7}},"33":{"start":{"line":105,"column":6},"end":{"line":105,"column":54}},"34":{"start":{"line":106,"column":6},"end":{"line":106,"column":19}},"35":{"start":{"line":111,"column":23},"end":{"line":117,"column":3}},"36":{"start":{"line":112,"column":4},"end":{"line":116,"column":7}},"37":{"start":{"line":113,"column":19},"end":{"line":113,"column":54}},"38":{"start":{"line":114,"column":6},"end":{"line":114,"column":45}},"39":{"start":{"line":115,"column":6},"end":{"line":115,"column":18}},"40":{"start":{"line":119,"column":18},"end":{"line":119,"column":45}},"41":{"start":{"line":120,"column":35},"end":{"line":120,"column":74}},"42":{"start":{"line":122,"column":2},"end":{"line":122,"column":73}}},"fnMap":{"0":{"name":"(anonymous_0)","decl":{"start":{"line":44,"column":21},"end":{"line":44,"column":22}},"loc":{"start":{"line":44,"column":76},"end":{"line":62,"column":1}},"line":44},"1":{"name":"(anonymous_1)","decl":{"start":{"line":73,"column":24},"end":{"line":73,"column":25}},"loc":{"start":{"line":73,"column":49},"end":{"line":77,"column":1}},"line":73},"2":{"name":"(anonymous_2)","decl":{"start":{"line":79,"column":30},"end":{"line":79,"column":31}},"loc":{"start":{"line":79,"column":36},"end":{"line":79,"column":59}},"line":79},"3":{"name":"(anonymous_3)","decl":{"start":{"line":81,"column":64},"end":{"line":81,"column":65}},"loc":{"start":{"line":85,"column":6},"end":{"line":123,"column":1}},"line":85},"4":{"name":"(anonymous_4)","decl":{"start":{"line":91,"column":12},"end":{"line":91,"column":13}},"loc":{"start":{"line":91,"column":18},"end":{"line":100,"column":3}},"line":91},"5":{"name":"(anonymous_5)","decl":{"start":{"line":93,"column":6},"end":{"line":93,"column":7}},"loc":{"start":{"line":93,"column":55},"end":{"line":98,"column":7}},"line":93},"6":{"name":"(anonymous_6)","decl":{"start":{"line":94,"column":24},"end":{"line":94,"column":25}},"loc":{"start":{"line":94,"column":76},"end":{"line":97,"column":9}},"line":94},"7":{"name":"(anonymous_7)","decl":{"start":{"line":103,"column":20},"end":{"line":103,"column":21}},"loc":{"start":{"line":103,"column":26},"end":{"line":108,"column":3}},"line":103},"8":{"name":"(anonymous_8)","decl":{"start":{"line":104,"column":13},"end":{"line":104,"column":14}},"loc":{"start":{"line":104,"column":32},"end":{"line":107,"column":5}},"line":104},"9":{"name":"(anonymous_9)","decl":{"start":{"line":111,"column":23},"end":{"line":111,"column":24}},"loc":{"start":{"line":111,"column":29},"end":{"line":117,"column":3}},"line":111},"10":{"name":"(anonymous_10)","decl":{"start":{"line":112,"column":14},"end":{"line":112,"column":15}},"loc":{"start":{"line":112,"column":37},"end":{"line":116,"column":5}},"line":112}},"branchMap":{"0":{"loc":{"start":{"line":47,"column":4},"end":{"line":49,"column":46}},"type":"cond-expr","locations":[{"start":{"line":48,"column":8},"end":{"line":48,"column":46}},{"start":{"line":49,"column":8},"end":{"line":49,"column":46}}],"line":47},"1":{"loc":{"start":{"line":51,"column":2},"end":{"line":55,"column":3}},"type":"if","locations":[{"start":{"line":51,"column":2},"end":{"line":55,"column":3}},{"start":{},"end":{}}],"line":51},"2":{"loc":{"start":{"line":56,"column":2},"end":{"line":59,"column":3}},"type":"if","locations":[{"start":{"line":56,"column":2},"end":{"line":59,"column":3}},{"start":{},"end":{}}],"line":56},"3":{"loc":{"start":{"line":75,"column":2},"end":{"line":75,"column":76}},"type":"if","locations":[{"start":{"line":75,"column":2},"end":{"line":75,"column":76}},{"start":{},"end":{}}],"line":75},"4":{"loc":{"start":{"line":86,"column":19},"end":{"line":86,"column":63}},"type":"binary-expr","locations":[{"start":{"line":86,"column":20},"end":{"line":86,"column":51}},{"start":{"line":86,"column":56},"end":{"line":86,"column":63}}],"line":86},"5":{"loc":{"start":{"line":95,"column":10},"end":{"line":95,"column":73}},"type":"if","locations":[{"start":{"line":95,"column":10},"end":{"line":95,"column":73}},{"start":{},"end":{}}],"line":95},"6":{"loc":{"start":{"line":95,"column":14},"end":{"line":95,"column":47}},"type":"binary-expr","locations":[{"start":{"line":95,"column":14},"end":{"line":95,"column":29}},{"start":{"line":95,"column":33},"end":{"line":95,"column":47}}],"line":95},"7":{"loc":{"start":{"line":96,"column":10},"end":{"line":96,"column":75}},"type":"if","locations":[{"start":{"line":96,"column":10},"end":{"line":96,"column":75}},{"start":{},"end":{}}],"line":96},"8":{"loc":{"start":{"line":96,"column":14},"end":{"line":96,"column":41}},"type":"binary-expr","locations":[{"start":{"line":96,"column":14},"end":{"line":96,"column":32}},{"start":{"line":96,"column":36},"end":{"line":96,"column":41}}],"line":96},"9":{"loc":{"start":{"line":105,"column":36},"end":{"line":105,"column":52}},"type":"cond-expr","locations":[{"start":{"line":105,"column":43},"end":{"line":105,"column":46}},{"start":{"line":105,"column":49},"end":{"line":105,"column":52}}],"line":105},"10":{"loc":{"start":{"line":113,"column":19},"end":{"line":113,"column":54}},"type":"cond-expr","locations":[{"start":{"line":113,"column":38},"end":{"line":113,"column":44}},{"start":{"line":113,"column":47},"end":{"line":113,"column":54}}],"line":113}},"s":{"0":1,"1":1,"2":1,"3":0,"4":0,"5":0,"6":1,"7":0,"8":0,"9":1,"10":1,"11":1,"12":1,"13":1,"14":3,"15":3,"16":0,"17":3,"18":1,"19":0,"20":1,"21":1,"22":1,"23":1,"24":1,"25":1,"26":1,"27":2,"28":0,"29":2,"30":0,"31":1,"32":0,"33":0,"34":0,"35":1,"36":0,"37":0,"38":0,"39":0,"40":1,"41":1,"42":1},"f":{"0":1,"1":3,"2":0,"3":1,"4":1,"5":1,"6":2,"7":0,"8":0,"9":0,"10":0},"b":{"0":[0,1],"1":[0,1],"2":[0,1],"3":[0,3],"4":[1,0],"5":[0,2],"6":[2,1],"7":[0,2],"8":[2,1],"9":[0,0],"10":[0,0]},"_coverageSchema":"1a1c01bbd47fc00a2c39e90264f33305004495a9","hash":"8506a3547b09a184647f48aed25b59aefa2dbf1d"}
,"C:\\Users\\Sav\\Programing Projects\\powerpick\\stores\\useRegionStore.ts": {"path":"C:\\Users\\Sav\\Programing Projects\\powerpick\\stores\\useRegionStore.ts","statementMap":{"0":{"start":{"line":11,"column":30},"end":{"line":14,"column":3}},"1":{"start":{"line":11,"column":60},"end":{"line":14,"column":1}},"2":{"start":{"line":13,"column":28},"end":{"line":13,"column":46}}},"fnMap":{"0":{"name":"(anonymous_0)","decl":{"start":{"line":11,"column":50},"end":{"line":11,"column":51}},"loc":{"start":{"line":11,"column":60},"end":{"line":14,"column":1}},"line":11},"1":{"name":"(anonymous_1)","decl":{"start":{"line":13,"column":13},"end":{"line":13,"column":14}},"loc":{"start":{"line":13,"column":28},"end":{"line":13,"column":46}},"line":13}},"branchMap":{},"s":{"0":1,"1":1,"2":0},"f":{"0":1,"1":0},"b":{},"_coverageSchema":"1a1c01bbd47fc00a2c39e90264f33305004495a9","hash":"1949df06529abb29f36fbe1e8724c9bd3c2592e5"}
}
