TN:
SF:app\index.tsx
FN:18,IndexScreen
FN:21,(anonymous_1)
FN:25,(anonymous_2)
FN:27,(anonymous_3)
FN:28,(anonymous_4)
FN:44,(anonymous_5)
FN:50,(anonymous_6)
FNF:7
FNH:6
FNDA:4,IndexScreen
FNDA:12,(anonymous_1)
FNDA:14,(anonymous_2)
FNDA:2,(anonymous_3)
FNDA:2,(anonymous_4)
FNDA:0,(anonymous_5)
FNDA:2,(anonymous_6)
DA:16,1
DA:19,4
DA:20,4
DA:21,12
DA:22,4
DA:23,4
DA:24,4
DA:25,14
DA:27,4
DA:28,2
DA:29,2
DA:30,2
DA:31,2
DA:32,2
DA:34,0
DA:35,0
DA:37,2
DA:41,2
DA:44,4
DA:45,0
DA:49,4
DA:51,2
DA:73,4
LF:23
LH:20
BRDA:78,0,0,2
BRDA:78,0,1,2
BRDA:80,1,0,0
BRDA:80,1,1,2
BRDA:82,2,0,1
BRDA:82,2,1,1
BRF:6
BRH:5
end_of_record
TN:
SF:app\game\[id]\draws.tsx
FN:10,DrawsScreen
FN:14,(anonymous_1)
FN:16,(anonymous_2)
FN:17,(anonymous_3)
FN:30,(anonymous_4)
FN:54,(anonymous_5)
FN:55,(anonymous_6)
FNF:7
FNH:7
FNDA:2,DrawsScreen
FNDA:6,(anonymous_1)
FNDA:1,(anonymous_2)
FNDA:1,(anonymous_3)
FNDA:1,(anonymous_4)
FNDA:2,(anonymous_5)
FNDA:1,(anonymous_6)
DA:11,2
DA:12,2
DA:13,2
DA:14,6
DA:16,2
DA:17,1
DA:18,1
DA:19,1
DA:20,1
DA:23,1
DA:26,2
DA:29,2
DA:31,1
DA:49,2
DA:54,2
DA:56,1
DA:60,1
DA:63,1
LF:18
LH:18
BRDA:14,0,0,6
BRDA:14,0,1,0
BRDA:18,1,0,1
BRDA:18,1,1,0
BRDA:26,2,0,0
BRDA:26,2,1,2
BRDA:56,3,0,1
BRDA:56,3,1,0
BRDA:60,4,0,1
BRDA:60,4,1,0
BRDA:60,5,0,1
BRDA:60,5,1,1
BRF:12
BRH:7
end_of_record
TN:
SF:app\game\[id]\hotcold.tsx
FN:15,HotColdScreen
FN:19,(anonymous_1)
FN:21,(anonymous_2)
FN:22,(anonymous_3)
FN:32,(anonymous_4)
FN:40,(anonymous_5)
FN:41,(anonymous_6)
FN:52,(anonymous_7)
FN:53,(anonymous_8)
FN:54,(anonymous_9)
FN:80,(anonymous_10)
FNF:11
FNH:6
FNDA:2,HotColdScreen
FNDA:6,(anonymous_1)
FNDA:1,(anonymous_2)
FNDA:1,(anonymous_3)
FNDA:2,(anonymous_4)
FNDA:0,(anonymous_5)
FNDA:0,(anonymous_6)
FNDA:0,(anonymous_7)
FNDA:0,(anonymous_8)
FNDA:0,(anonymous_9)
FNDA:1,(anonymous_10)
DA:16,2
DA:17,2
DA:18,2
DA:19,6
DA:21,2
DA:22,1
DA:23,1
DA:24,1
DA:25,1
DA:30,1
DA:31,1
DA:32,2
DA:33,1
DA:38,1
DA:39,1
DA:40,0
DA:41,0
DA:42,0
DA:47,0
DA:48,0
DA:50,1
DA:51,0
DA:52,0
DA:53,0
DA:54,0
DA:55,0
DA:60,0
DA:61,0
DA:63,1
DA:65,0
DA:66,0
DA:69,0
DA:73,1
DA:76,2
DA:79,2
DA:81,1
DA:102,2
LF:37
LH:22
BRDA:19,0,0,6
BRDA:19,0,1,0
BRDA:23,1,0,1
BRDA:23,1,1,0
BRDA:25,2,0,1
BRDA:25,2,1,0
BRDA:26,3,0,1
BRDA:26,3,1,1
BRDA:26,3,2,1
BRDA:39,4,0,0
BRDA:39,4,1,1
BRDA:40,5,0,0
BRDA:40,5,1,0
BRDA:50,6,0,0
BRDA:50,6,1,1
BRDA:76,7,0,0
BRDA:76,7,1,2
BRDA:105,8,0,1
BRDA:105,8,1,1
BRDA:108,9,0,0
BRDA:108,9,1,1
BRDA:113,10,0,0
BRDA:113,10,1,1
BRDA:119,11,0,0
BRDA:119,11,1,1
BRDA:124,12,0,0
BRDA:124,12,1,1
BRF:27
BRH:15
end_of_record
TN:
SF:app\game\[id]\options.tsx
FN:13,GameOptionsScreen
FN:23,(anonymous_1)
FN:24,(anonymous_2)
FN:71,(anonymous_3)
FN:111,(anonymous_4)
FN:162,(anonymous_5)
FN:230,(anonymous_6)
FN:238,(anonymous_7)
FNF:8
FNH:7
FNDA:9,GameOptionsScreen
FNDA:28,(anonymous_1)
FNDA:27,(anonymous_2)
FNDA:1,(anonymous_3)
FNDA:7,(anonymous_4)
FNDA:0,(anonymous_5)
FNDA:1,(anonymous_6)
FNDA:1,(anonymous_7)
DA:14,9
DA:15,9
DA:16,9
DA:18,9
DA:19,9
DA:20,9
DA:21,9
DA:23,28
DA:24,27
DA:28,9
DA:39,9
DA:40,9
DA:41,9
DA:42,9
DA:43,9
DA:45,9
DA:48,9
DA:57,9
DA:59,9
DA:66,9
DA:71,9
DA:72,1
DA:75,1
DA:83,1
DA:87,0
DA:96,1
DA:97,1
DA:105,1
DA:106,1
DA:110,9
DA:112,7
DA:158,9
DA:162,0
DA:230,1
DA:238,1
LF:35
LH:33
BRDA:24,0,0,27
BRDA:24,0,1,0
BRDA:28,1,0,9
BRDA:28,1,1,0
BRDA:28,2,0,9
BRDA:28,2,1,9
BRDA:28,2,2,9
BRDA:32,3,0,9
BRDA:32,3,1,8
BRDA:33,4,0,9
BRDA:33,4,1,8
BRDA:34,5,0,9
BRDA:34,5,1,0
BRDA:40,6,0,9
BRDA:40,6,1,0
BRDA:42,7,0,1
BRDA:42,7,1,8
BRDA:43,8,0,9
BRDA:43,8,1,0
BRDA:48,9,0,9
BRDA:48,9,1,0
BRDA:59,10,0,1
BRDA:59,10,1,8
BRDA:66,11,0,9
BRDA:66,11,1,0
BRDA:83,12,0,0
BRDA:83,12,1,1
BRDA:84,13,0,1
BRDA:84,13,1,0
BRDA:96,14,0,1
BRDA:96,14,1,0
BRDA:106,15,0,1
BRDA:106,15,1,0
BRDA:167,16,0,9
BRDA:167,16,1,9
BRDA:171,17,0,9
BRDA:171,17,1,1
BRDA:174,18,0,1
BRDA:174,18,1,0
BRDA:177,19,0,1
BRDA:177,19,1,1
BRDA:193,20,0,9
BRDA:193,20,1,0
BRDA:194,21,0,9
BRDA:194,21,1,9
BRF:45
BRH:32
end_of_record
TN:
SF:assets\coming_soon_eur.png
FNF:0
FNH:0
DA:1,1
LF:1
LH:1
BRF:0
BRH:0
end_of_record
TN:
SF:assets\coming_soon_usa.png
FNF:0
FNH:0
DA:1,1
LF:1
LH:1
BRF:0
BRH:0
end_of_record
TN:
SF:assets\placeholder.png
FNF:0
FNH:0
DA:1,2
LF:1
LH:1
BRF:0
BRH:0
end_of_record
TN:
SF:components\ComingSoon.tsx
FN:7,ComingSoon
FN:17,(anonymous_1)
FNF:2
FNH:2
FNDA:2,ComingSoon
FNDA:1,(anonymous_1)
DA:14,2
DA:16,2
DA:18,1
DA:29,2
LF:4
LH:4
BRF:0
BRH:0
end_of_record
TN:
SF:components\GameCard.tsx
FN:23,GameCard
FN:27,(anonymous_1)
FN:54,(anonymous_2)
FN:78,(anonymous_3)
FN:82,(anonymous_4)
FN:83,(anonymous_5)
FNF:6
FNH:3
FNDA:5,GameCard
FNDA:5,(anonymous_1)
FNDA:5,(anonymous_2)
FNDA:0,(anonymous_3)
FNDA:0,(anonymous_4)
FNDA:0,(anonymous_5)
DA:24,5
DA:26,5
DA:28,5
DA:51,5
DA:52,5
DA:54,5
DA:55,5
DA:56,2
DA:61,5
DA:63,5
DA:79,0
DA:80,0
DA:82,0
DA:84,0
DA:85,0
LF:15
LH:10
BRDA:55,0,0,2
BRDA:55,0,1,3
BRDA:61,1,0,2
BRDA:61,1,1,3
BRDA:61,2,0,5
BRDA:61,2,1,5
BRDA:70,3,0,5
BRDA:70,3,1,3
BRDA:71,4,0,2
BRDA:71,4,1,3
BRDA:71,5,0,5
BRDA:71,5,1,5
BRF:12
BRH:12
end_of_record
TN:
SF:components\GameGrid.tsx
FN:11,GameGrid
FN:15,(anonymous_1)
FN:18,(anonymous_2)
FN:19,(anonymous_3)
FNF:4
FNH:4
FNDA:2,GameGrid
FNDA:4,(anonymous_1)
FNDA:2,(anonymous_2)
FNDA:1,(anonymous_3)
DA:12,2
DA:15,4
DA:19,2
DA:25,2
LF:4
LH:4
BRF:0
BRH:0
end_of_record
TN:
SF:components\RegionPicker.tsx
FN:14,RegionPicker
FN:16,(anonymous_1)
FN:17,(anonymous_2)
FN:20,(anonymous_3)
FN:24,(anonymous_4)
FN:79,(anonymous_5)
FN:89,(anonymous_6)
FN:91,(anonymous_7)
FN:93,(anonymous_8)
FN:97,(anonymous_9)
FNF:10
FNH:8
FNDA:10,RegionPicker
FNDA:32,(anonymous_1)
FNDA:32,(anonymous_2)
FNDA:40,(anonymous_3)
FNDA:4,(anonymous_4)
FNDA:2,(anonymous_5)
FNDA:0,(anonymous_6)
FNDA:0,(anonymous_7)
FNDA:30,(anonymous_8)
FNDA:2,(anonymous_9)
DA:10,2
DA:12,2
DA:15,10
DA:16,32
DA:17,32
DA:18,10
DA:20,40
DA:23,10
DA:25,4
DA:77,10
DA:79,2
DA:89,0
DA:91,0
DA:94,30
DA:98,2
DA:99,2
DA:100,2
LF:17
LH:15
BRDA:105,0,0,30
BRDA:105,0,1,10
BRF:2
BRH:2
end_of_record
TN:
SF:lib\csvParser.ts
FN:7,objectConverter
FN:8,(anonymous_1)
FN:10,(anonymous_2)
FN:17,csvParse
FN:24,csvParseRows
FN:34,token
FNF:6
FNH:6
FNDA:12,objectConverter
FNDA:13,(anonymous_1)
FNDA:36,(anonymous_2)
FNDA:12,csvParse
FNDA:12,csvParseRows
FNDA:107,token
DA:8,12
DA:9,13
DA:10,13
DA:11,36
DA:13,13
DA:18,12
DA:19,12
DA:20,12
DA:21,12
DA:25,12
DA:26,12
DA:27,12
DA:29,12
DA:30,12
DA:31,12
DA:32,12
DA:35,107
DA:36,83
DA:38,70
DA:39,70
DA:40,2
DA:44,2
DA:45,1
DA:46,1
DA:47,0
DA:48,0
DA:50,2
DA:52,68
DA:53,525
DA:54,512
DA:55,0
DA:56,0
DA:57,512
DA:58,57
DA:60,11
DA:63,12
DA:64,25
DA:65,25
DA:66,70
DA:67,70
DA:69,25
DA:71,12
DA:74,2
DA:75,2
DA:76,2
DA:77,2
DA:78,2
DA:79,2
LF:48
LH:44
BRDA:11,0,0,36
BRDA:11,0,1,0
BRDA:19,1,0,12
BRDA:19,1,1,0
BRDA:31,2,0,0
BRDA:31,2,1,12
BRDA:32,3,0,0
BRDA:32,3,1,12
BRDA:35,4,0,24
BRDA:35,4,1,83
BRDA:36,5,0,13
BRDA:36,5,1,70
BRDA:39,6,0,2
BRDA:39,6,1,68
BRDA:41,7,0,8
BRDA:41,7,1,8
BRDA:41,7,2,2
BRDA:44,8,0,1
BRDA:44,8,1,1
BRDA:45,9,0,0
BRDA:45,9,1,1
BRDA:46,10,0,0
BRDA:46,10,1,1
BRDA:48,11,0,0
BRDA:48,11,1,0
BRDA:53,12,0,13
BRDA:53,12,1,512
BRDA:54,13,0,0
BRDA:54,13,1,512
BRDA:56,14,0,0
BRDA:56,14,1,0
BRDA:57,15,0,468
BRDA:57,15,1,44
BRDA:65,16,0,95
BRDA:65,16,1,82
BRF:35
BRH:24
end_of_record
TN:
SF:lib\gameConfigs.ts
FN:9,normalizeName
FN:46,getGameConfig
FNF:2
FNH:2
FNDA:16,normalizeName
FNDA:5,getGameConfig
DA:10,16
DA:13,1
DA:40,1
DA:47,5
DA:48,5
DA:49,5
LF:6
LH:6
BRDA:48,0,0,5
BRDA:48,0,1,4
BRF:2
BRH:2
end_of_record
TN:
SF:lib\gamesApi.ts
FN:42,normalizeUrl
FN:46,fetchGames
FN:66,(anonymous_2)
FN:111,fetchHotColdNumbers
FN:157,fetchRecentDraws
FN:178,(anonymous_5)
FN:182,(anonymous_6)
FN:185,(anonymous_7)
FN:186,(anonymous_8)
FN:189,(anonymous_9)
FN:192,(anonymous_10)
FN:193,(anonymous_11)
FN:196,(anonymous_12)
FN:215,_clearCaches
FNF:14
FNH:12
FNDA:3,normalizeUrl
FNDA:7,fetchGames
FNDA:3,(anonymous_2)
FNDA:4,fetchHotColdNumbers
FNDA:3,fetchRecentDraws
FNDA:1,(anonymous_5)
FNDA:3,(anonymous_6)
FNDA:2,(anonymous_7)
FNDA:1,(anonymous_8)
FNDA:3,(anonymous_9)
FNDA:0,(anonymous_10)
FNDA:0,(anonymous_11)
FNDA:3,(anonymous_12)
FNDA:9,_clearCaches
DA:4,5
DA:5,5
DA:6,5
DA:7,5
DA:11,5
DA:13,5
DA:43,3
DA:47,7
DA:52,2
DA:55,5
DA:61,5
DA:62,1
DA:63,1
DA:66,4
DA:67,3
DA:70,3
DA:71,0
DA:73,3
DA:74,3
DA:77,3
DA:78,3
DA:80,3
DA:83,3
DA:84,3
DA:98,4
DA:99,4
DA:115,4
DA:116,4
DA:117,1
DA:119,3
DA:124,3
DA:125,0
DA:126,0
DA:128,3
DA:136,3
DA:137,3
DA:161,3
DA:162,3
DA:163,1
DA:166,2
DA:172,2
DA:173,0
DA:174,0
DA:177,2
DA:178,2
DA:179,1
DA:180,1
DA:183,3
DA:185,2
DA:186,1
DA:187,1
DA:190,3
DA:192,0
DA:193,0
DA:195,1
DA:197,3
DA:200,1
DA:211,2
DA:212,2
DA:216,9
DA:217,9
DA:218,9
DA:219,9
LF:63
LH:56
BRDA:46,0,0,7
BRDA:47,1,0,2
BRDA:47,1,1,5
BRDA:48,2,0,7
BRDA:48,2,1,7
BRDA:48,2,2,2
BRDA:61,3,0,1
BRDA:61,3,1,4
BRDA:66,4,0,4
BRDA:66,4,1,1
BRDA:67,5,0,3
BRDA:67,5,1,0
BRDA:70,6,0,0
BRDA:70,6,1,3
BRDA:74,7,0,3
BRDA:74,7,1,0
BRDA:89,8,0,3
BRDA:89,8,1,0
BRDA:90,9,0,3
BRDA:90,9,1,0
BRDA:91,10,0,3
BRDA:91,10,1,1
BRDA:92,11,0,3
BRDA:92,11,1,1
BRDA:93,12,0,3
BRDA:93,12,1,1
BRDA:113,13,0,4
BRDA:116,14,0,1
BRDA:116,14,1,3
BRDA:116,15,0,4
BRDA:116,15,1,4
BRDA:116,15,2,1
BRDA:124,16,0,0
BRDA:124,16,1,3
BRDA:129,17,0,3
BRDA:129,17,1,1
BRDA:130,18,0,3
BRDA:130,18,1,1
BRDA:131,19,0,3
BRDA:131,19,1,2
BRDA:132,20,0,3
BRDA:132,20,1,2
BRDA:133,21,0,3
BRDA:133,21,1,3
BRDA:134,22,0,3
BRDA:134,22,1,3
BRDA:159,23,0,3
BRDA:162,24,0,1
BRDA:162,24,1,2
BRDA:162,25,0,3
BRDA:162,25,1,3
BRDA:162,25,2,1
BRDA:172,26,0,0
BRDA:172,26,1,2
BRDA:177,27,0,2
BRDA:177,27,1,0
BRDA:179,28,0,1
BRDA:179,28,1,0
BRDA:195,29,0,1
BRDA:195,29,1,0
BRDA:204,30,0,0
BRDA:204,30,1,1
BRF:62
BRH:51
end_of_record
TN:
SF:lib\generator.ts
FN:17,generateSet
FN:40,(anonymous_1)
FN:41,(anonymous_2)
FN:50,(anonymous_3)
FN:61,(anonymous_4)
FN:62,(anonymous_5)
FNF:6
FNH:6
FNDA:3,generateSet
FNDA:20,(anonymous_1)
FNDA:20,(anonymous_2)
FNDA:54,(anonymous_3)
FNDA:6,(anonymous_4)
FNDA:6,(anonymous_5)
DA:27,3
DA:28,3
DA:29,1
DA:32,2
DA:33,2
DA:34,2
DA:35,2
DA:36,2
DA:38,2
DA:39,2
DA:40,20
DA:41,2
DA:42,20
DA:43,17
DA:44,17
DA:47,2
DA:48,2
DA:49,2
DA:50,54
DA:51,6
DA:52,6
DA:53,6
DA:54,16
DA:55,16
DA:57,6
DA:58,6
DA:59,6
DA:61,6
DA:62,6
DA:63,2
DA:65,2
LF:31
LH:31
BRDA:19,0,0,1
BRDA:24,1,0,2
BRDA:25,2,0,3
BRDA:26,3,0,2
BRDA:28,4,0,1
BRDA:28,4,1,2
BRDA:42,5,0,3
BRDA:42,5,1,17
BRDA:43,6,0,0
BRDA:43,6,1,17
BRDA:49,7,0,8
BRDA:49,7,1,6
BRDA:63,8,0,2
BRDA:63,8,1,0
BRDA:63,9,0,2
BRDA:63,9,1,2
BRF:16
BRH:14
end_of_record
TN:
SF:lib\hotCold.ts
FN:12,calculateHotColdNumbers
FN:23,(anonymous_1)
FN:24,(anonymous_2)
FNF:3
FNH:3
FNDA:8,calculateHotColdNumbers
FNDA:50,(anonymous_1)
FNDA:61,(anonymous_2)
DA:17,8
DA:18,8
DA:19,18
DA:20,36
DA:23,50
DA:24,61
DA:26,8
DA:27,8
DA:28,8
DA:29,8
LF:10
LH:10
BRDA:20,0,0,36
BRDA:20,0,1,0
BRDA:20,1,0,36
BRDA:20,1,1,36
BRDA:24,2,0,61
BRDA:24,2,1,33
BRF:6
BRH:5
end_of_record
TN:
SF:lib\regionConfig.ts
FNF:0
FNH:0
DA:5,2
DA:11,2
LF:2
LH:2
BRF:0
BRH:0
end_of_record
TN:
SF:lib\supabase.ts
FNF:0
FNH:0
DA:7,6
DA:9,6
DA:11,6
DA:14,6
DA:15,1
DA:16,1
DA:17,1
DA:18,1
DA:19,1
DA:26,5
LF:10
LH:10
BRDA:7,0,0,6
BRDA:7,0,1,2
BRDA:9,1,0,6
BRDA:9,1,1,2
BRDA:11,2,0,6
BRDA:11,2,1,2
BRDA:14,3,0,1
BRDA:14,3,1,5
BRDA:14,4,0,6
BRDA:14,4,1,5
BRDA:16,5,0,1
BRDA:16,5,1,0
BRDA:17,6,0,1
BRDA:17,6,1,0
BRF:14
BRH:12
end_of_record
TN:
SF:lib\syncDraws.ts
FN:82,extractNumbers
FN:84,(anonymous_1)
FN:85,(anonymous_2)
FN:86,(anonymous_3)
FN:89,formatDateDMY
FN:90,(anonymous_5)
FN:95,syncGame
FN:146,(anonymous_7)
FN:157,(anonymous_8)
FN:165,(anonymous_9)
FN:199,syncAllGames
FN:203,(anonymous_11)
FN:217,(anonymous_12)
FNF:13
FNH:11
FNDA:21,extractNumbers
FNDA:63,(anonymous_1)
FNDA:12,(anonymous_2)
FNDA:12,(anonymous_3)
FNDA:10,formatDateDMY
FNDA:30,(anonymous_5)
FNDA:12,syncGame
FNDA:10,(anonymous_7)
FNDA:10,(anonymous_8)
FNDA:0,(anonymous_9)
FNDA:3,syncAllGames
FNDA:5,(anonymous_11)
FNDA:0,(anonymous_12)
DA:6,2
DA:10,2
DA:12,2
DA:16,2
DA:17,2
DA:19,2
DA:20,0
DA:24,2
DA:25,2
DA:26,2
DA:31,0
DA:35,2
DA:46,2
DA:83,21
DA:84,63
DA:85,12
DA:86,12
DA:90,30
DA:91,10
DA:96,12
DA:97,12
DA:98,12
DA:99,12
DA:100,12
DA:101,12
DA:102,10
DA:104,10
DA:105,10
DA:106,10
DA:107,10
DA:113,10
DA:114,10
DA:119,10
DA:120,10
DA:121,10
DA:122,10
DA:123,10
DA:124,10
DA:128,10
DA:129,10
DA:136,10
DA:141,10
DA:142,0
DA:143,0
DA:146,10
DA:147,10
DA:149,10
DA:154,10
DA:155,10
DA:156,10
DA:157,10
DA:163,10
DA:164,8
DA:165,0
DA:172,10
DA:173,0
DA:181,10
DA:184,10
DA:186,10
DA:187,10
DA:192,0
DA:194,10
DA:200,3
DA:201,3
DA:204,5
DA:205,12
DA:206,12
DA:207,12
DA:211,3
DA:217,2
LF:70
LH:63
BRDA:10,0,0,2
BRDA:10,0,1,0
BRDA:10,0,2,0
BRDA:12,1,0,2
BRDA:12,1,1,0
BRDA:12,1,2,0
BRDA:16,2,0,2
BRDA:16,2,1,0
BRDA:17,3,0,2
BRDA:17,3,1,0
BRDA:19,4,0,0
BRDA:19,4,1,2
BRDA:19,5,0,2
BRDA:19,5,1,2
BRDA:25,6,0,2
BRDA:25,6,1,0
BRDA:102,7,0,0
BRDA:102,7,1,10
BRDA:107,8,0,10
BRDA:107,8,1,0
BRDA:124,9,0,2
BRDA:124,9,1,8
BRDA:125,10,0,2
BRDA:125,10,1,2
BRDA:141,11,0,0
BRDA:141,11,1,10
BRDA:146,12,0,10
BRDA:146,12,1,0
BRDA:154,13,0,10
BRDA:154,13,1,0
BRDA:163,14,0,8
BRDA:163,14,1,2
BRDA:172,15,0,0
BRDA:172,15,1,10
BRDA:172,16,0,10
BRDA:172,16,1,2
BRDA:184,17,0,0
BRDA:184,17,1,10
BRDA:199,18,0,2
BRDA:206,19,0,0
BRDA:206,19,1,12
BRF:41
BRH:25
end_of_record
TN:
SF:lib\syncHotCold.ts
FN:9,initSupabase
FN:47,computeHotCold
FN:52,(anonymous_2)
FN:61,(anonymous_3)
FN:62,(anonymous_4)
FN:74,(anonymous_5)
FN:75,(anonymous_6)
FN:76,(anonymous_7)
FN:96,updateGameHotCold
FN:123,(anonymous_9)
FN:126,(anonymous_10)
FN:127,(anonymous_11)
FN:129,(anonymous_12)
FN:130,(anonymous_13)
FN:132,(anonymous_14)
FN:157,syncAllHotCold
FN:176,main
FN:181,(anonymous_17)
FNF:18
FNH:16
FNDA:3,initSupabase
FNDA:4,computeHotCold
FNDA:7,(anonymous_2)
FNDA:3,(anonymous_3)
FNDA:3,(anonymous_4)
FNDA:3,(anonymous_5)
FNDA:3,(anonymous_6)
FNDA:3,(anonymous_7)
FNDA:2,updateGameHotCold
FNDA:2,(anonymous_9)
FNDA:2,(anonymous_10)
FNDA:2,(anonymous_11)
FNDA:2,(anonymous_12)
FNDA:0,(anonymous_13)
FNDA:2,(anonymous_14)
FNDA:4,syncAllHotCold
FNDA:3,main
FNDA:0,(anonymous_17)
DA:5,3
DA:11,3
DA:14,3
DA:17,3
DA:18,0
DA:20,3
DA:52,7
DA:53,4
DA:58,4
DA:60,4
DA:61,3
DA:62,3
DA:63,1
DA:68,1
DA:69,1
DA:72,4
DA:73,1
DA:74,3
DA:75,3
DA:76,3
DA:77,1
DA:82,1
DA:83,1
DA:86,4
DA:97,2
DA:98,2
DA:100,2
DA:101,2
DA:102,2
DA:109,2
DA:110,0
DA:117,2
DA:118,2
DA:119,2
DA:120,2
DA:123,2
DA:124,2
DA:125,2
DA:126,2
DA:127,2
DA:128,2
DA:129,2
DA:130,0
DA:132,2
DA:133,2
DA:142,2
DA:143,2
DA:147,2
DA:148,0
DA:154,2
DA:158,4
DA:162,4
DA:163,0
DA:170,4
DA:171,4
DA:172,2
DA:177,3
DA:178,3
DA:181,3
DA:182,0
DA:183,0
LF:61
LH:54
BRDA:11,0,0,3
BRDA:11,0,1,0
BRDA:14,1,0,3
BRDA:14,1,1,0
BRDA:14,1,2,0
BRDA:17,2,0,0
BRDA:17,2,1,3
BRDA:17,3,0,3
BRDA:17,3,1,3
BRDA:50,4,0,2
BRDA:60,5,0,1
BRDA:60,5,1,3
BRDA:61,6,0,3
BRDA:61,6,1,0
BRDA:72,7,0,1
BRDA:72,7,1,3
BRDA:109,8,0,0
BRDA:109,8,1,2
BRDA:111,9,0,0
BRDA:111,9,1,0
BRDA:111,10,0,0
BRDA:111,10,1,0
BRDA:117,11,0,2
BRDA:117,11,1,0
BRDA:118,12,0,0
BRDA:118,12,1,2
BRDA:120,13,0,2
BRDA:120,13,1,0
BRDA:132,14,0,2
BRDA:132,14,1,2
BRDA:135,15,0,0
BRDA:135,15,1,2
BRDA:147,16,0,0
BRDA:147,16,1,2
BRDA:149,17,0,0
BRDA:149,17,1,0
BRDA:149,18,0,0
BRDA:149,18,1,0
BRDA:162,19,0,0
BRDA:162,19,1,4
BRDA:164,20,0,0
BRDA:164,20,1,0
BRDA:164,21,0,0
BRDA:164,21,1,0
BRDA:170,22,0,4
BRDA:170,22,1,2
BRDA:182,23,0,0
BRDA:182,23,1,0
BRF:48
BRH:22
end_of_record
TN:
SF:lib\theme.tsx
FN:42,(anonymous_0)
FN:66,(anonymous_1)
FN:72,(anonymous_2)
FN:74,(anonymous_3)
FN:83,(anonymous_4)
FN:84,(anonymous_5)
FN:90,(anonymous_6)
FN:91,(anonymous_7)
FNF:8
FNH:5
FNDA:17,(anonymous_0)
FNDA:34,(anonymous_1)
FNDA:0,(anonymous_2)
FNDA:17,(anonymous_3)
FNDA:17,(anonymous_4)
FNDA:17,(anonymous_5)
FNDA:0,(anonymous_6)
FNDA:0,(anonymous_7)
DA:42,7
DA:45,17
DA:49,17
DA:50,0
DA:51,0
DA:52,0
DA:55,17
DA:62,7
DA:64,7
DA:66,7
DA:67,34
DA:68,34
DA:69,34
DA:72,7
DA:74,7
DA:79,17
DA:80,17
DA:83,17
DA:84,17
DA:85,17
DA:90,17
DA:91,0
DA:92,0
DA:93,0
DA:94,0
DA:98,17
DA:99,17
DA:101,17
LF:28
LH:21
BRDA:45,0,0,0
BRDA:45,0,1,17
BRDA:49,1,0,0
BRDA:49,1,1,17
BRDA:68,2,0,0
BRDA:68,2,1,34
BRDA:79,3,0,17
BRDA:79,3,1,0
BRDA:85,4,0,0
BRDA:85,4,1,17
BRDA:92,5,0,0
BRDA:92,5,1,0
BRF:12
BRH:5
end_of_record
TN:
SF:stores\useGamesStore.ts
FN:10,(anonymous_0)
FN:12,(anonymous_1)
FN:13,(anonymous_2)
FN:13,(anonymous_3)
FNF:4
FNH:4
FNDA:4,(anonymous_0)
FNDA:2,(anonymous_1)
FNDA:39,(anonymous_2)
FNDA:39,(anonymous_3)
DA:10,4
DA:12,2
DA:13,39
LF:3
LH:3
BRF:0
BRH:0
end_of_record
TN:
SF:stores\useGeneratedNumbersStore.ts
FN:14,(anonymous_0)
FN:16,(anonymous_1)
FN:17,(anonymous_2)
FN:22,(anonymous_3)
FNF:4
FNH:4
FNDA:2,(anonymous_0)
FNDA:2,(anonymous_1)
FNDA:2,(anonymous_2)
FNDA:2,(anonymous_3)
DA:10,2
DA:12,2
DA:14,2
DA:17,2
DA:18,2
DA:19,2
DA:22,2
LF:7
LH:7
BRDA:18,0,0,2
BRDA:18,0,1,2
BRF:2
BRH:2
end_of_record
TN:
SF:stores\useRegionStore.ts
FN:11,(anonymous_0)
FN:13,(anonymous_1)
FNF:2
FNH:1
FNDA:2,(anonymous_0)
FNDA:0,(anonymous_1)
DA:11,2
DA:13,0
LF:2
LH:1
BRF:0
BRH:0
end_of_record
