TN:
SF:app/index.tsx
FN:15,IndexScreen
FN:21,(anonymous_1)
FN:23,(anonymous_2)
FN:24,(anonymous_3)
FN:40,(anonymous_4)
FNF:5
FNH:4
FNDA:2,IndexScreen
FNDA:7,(anonymous_1)
FNDA:1,(anonymous_2)
FNDA:1,(anonymous_3)
FNDA:0,(anonymous_4)
DA:13,1
DA:16,2
DA:17,2
DA:18,2
DA:19,2
DA:20,2
DA:21,7
DA:23,2
DA:24,1
DA:25,1
DA:26,1
DA:27,1
DA:28,1
DA:30,0
DA:31,0
DA:33,1
DA:37,1
DA:40,2
DA:41,0
DA:44,2
DA:64,2
LF:21
LH:18
BRDA:71,0,0,0
BRDA:71,0,1,2
BRDA:73,1,0,1
BRDA:73,1,1,1
BRF:4
BRH:3
end_of_record
TN:
SF:app/game/[id]/options.tsx
FN:11,GameOptionsScreen
FN:16,(anonymous_1)
FN:17,(anonymous_2)
FN:28,(anonymous_3)
FN:88,(anonymous_4)
FNF:5
FNH:4
FNDA:2,GameOptionsScreen
FNDA:7,(anonymous_1)
FNDA:6,(anonymous_2)
FNDA:1,(anonymous_3)
FNDA:0,(anonymous_4)
DA:12,2
DA:13,2
DA:14,2
DA:15,2
DA:16,7
DA:17,6
DA:18,2
DA:20,2
DA:21,2
DA:22,2
DA:23,2
DA:24,2
DA:26,2
DA:28,2
DA:30,1
DA:35,1
DA:39,1
DA:40,0
DA:47,1
DA:48,1
DA:50,1
DA:51,1
DA:54,2
DA:84,2
DA:88,0
LF:25
LH:23
BRDA:17,0,0,6
BRDA:17,0,1,0
BRDA:18,1,0,2
BRDA:18,1,1,0
BRDA:21,2,0,2
BRDA:21,2,1,0
BRDA:23,3,0,0
BRDA:23,3,1,2
BRDA:24,4,0,2
BRDA:24,4,1,0
BRDA:30,5,0,1
BRDA:30,5,1,0
BRDA:39,6,0,0
BRDA:39,6,1,1
BRDA:42,7,0,0
BRDA:42,7,1,0
BRDA:47,8,0,1
BRDA:47,8,1,0
BRDA:51,9,0,1
BRDA:51,9,1,0
BRDA:93,10,0,2
BRDA:93,10,1,2
BRDA:97,11,0,2
BRDA:97,11,1,1
BRF:24
BRH:13
end_of_record
TN:
SF:assets/placeholder.png
FNF:0
FNH:0
DA:1,2
LF:1
LH:1
BRF:0
BRH:0
end_of_record
TN:
SF:components/GameCard.tsx
FN:22,GameCard
FN:48,(anonymous_1)
FN:72,(anonymous_2)
FN:76,(anonymous_3)
FN:77,(anonymous_4)
FNF:5
FNH:2
FNDA:5,GameCard
FNDA:5,(anonymous_1)
FNDA:0,(anonymous_2)
FNDA:0,(anonymous_3)
FNDA:0,(anonymous_4)
DA:23,5
DA:24,5
DA:45,5
DA:46,5
DA:48,5
DA:49,5
DA:50,2
DA:55,5
DA:57,5
DA:73,0
DA:74,0
DA:76,0
DA:78,0
DA:79,0
LF:14
LH:9
BRDA:49,0,0,2
BRDA:49,0,1,3
BRDA:55,1,0,2
BRDA:55,1,1,3
BRDA:55,2,0,5
BRDA:55,2,1,5
BRDA:64,3,0,5
BRDA:64,3,1,3
BRDA:65,4,0,2
BRDA:65,4,1,3
BRDA:65,5,0,5
BRDA:65,5,1,5
BRF:12
BRH:12
end_of_record
TN:
SF:components/GameGrid.tsx
FN:11,GameGrid
FN:15,(anonymous_1)
FN:18,(anonymous_2)
FN:19,(anonymous_3)
FNF:4
FNH:4
FNDA:2,GameGrid
FNDA:4,(anonymous_1)
FNDA:2,(anonymous_2)
FNDA:1,(anonymous_3)
DA:12,2
DA:15,4
DA:19,2
DA:25,2
LF:4
LH:4
BRF:0
BRH:0
end_of_record
TN:
SF:components/Header.tsx
FN:7,Header
FN:38,(anonymous_1)
FNF:2
FNH:1
FNDA:2,Header
FNDA:0,(anonymous_1)
DA:8,2
DA:9,2
DA:11,2
DA:30,2
DA:38,0
DA:45,1
LF:6
LH:5
BRF:0
BRH:0
end_of_record
TN:
SF:components/RegionPicker.tsx
FN:12,RegionPicker
FN:14,(anonymous_1)
FN:15,(anonymous_2)
FN:18,(anonymous_3)
FN:73,(anonymous_4)
FN:83,(anonymous_5)
FN:85,(anonymous_6)
FN:87,(anonymous_7)
FN:91,(anonymous_8)
FNF:9
FNH:7
FNDA:8,RegionPicker
FNDA:26,(anonymous_1)
FNDA:26,(anonymous_2)
FNDA:32,(anonymous_3)
FNDA:2,(anonymous_4)
FNDA:0,(anonymous_5)
FNDA:0,(anonymous_6)
FNDA:24,(anonymous_7)
FNDA:2,(anonymous_8)
DA:8,2
DA:10,2
DA:13,8
DA:14,26
DA:15,26
DA:16,8
DA:18,8
DA:19,32
DA:21,8
DA:71,8
DA:73,2
DA:83,0
DA:85,0
DA:88,24
DA:92,2
DA:93,2
DA:94,2
LF:17
LH:15
BRDA:99,0,0,24
BRDA:99,0,1,8
BRF:2
BRH:2
end_of_record
TN:
SF:lib/csvParser.ts
FN:7,objectConverter
FN:8,(anonymous_1)
FN:10,(anonymous_2)
FN:17,csvParse
FN:24,csvParseRows
FN:34,token
FNF:6
FNH:6
FNDA:2,objectConverter
FNDA:3,(anonymous_1)
FNDA:6,(anonymous_2)
FNDA:2,csvParse
FNDA:2,csvParseRows
FNDA:17,token
DA:8,2
DA:9,3
DA:10,3
DA:11,6
DA:13,3
DA:18,2
DA:19,2
DA:20,2
DA:21,2
DA:25,2
DA:26,2
DA:27,2
DA:29,2
DA:30,2
DA:31,2
DA:32,2
DA:35,17
DA:36,13
DA:38,10
DA:39,10
DA:40,2
DA:44,2
DA:45,1
DA:46,1
DA:47,0
DA:48,0
DA:50,2
DA:52,8
DA:53,15
DA:54,12
DA:55,0
DA:56,0
DA:57,12
DA:58,7
DA:60,1
DA:63,2
DA:64,5
DA:65,5
DA:66,10
DA:67,10
DA:69,5
DA:71,2
DA:74,1
DA:75,1
DA:76,1
DA:77,1
DA:78,1
DA:79,1
LF:48
LH:44
BRDA:11,0,0,6
BRDA:11,0,1,0
BRDA:19,1,0,2
BRDA:19,1,1,0
BRDA:31,2,0,0
BRDA:31,2,1,2
BRDA:32,3,0,0
BRDA:32,3,1,2
BRDA:35,4,0,4
BRDA:35,4,1,13
BRDA:36,5,0,3
BRDA:36,5,1,10
BRDA:39,6,0,2
BRDA:39,6,1,8
BRDA:41,7,0,8
BRDA:41,7,1,8
BRDA:41,7,2,2
BRDA:44,8,0,1
BRDA:44,8,1,1
BRDA:45,9,0,0
BRDA:45,9,1,1
BRDA:46,10,0,0
BRDA:46,10,1,1
BRDA:48,11,0,0
BRDA:48,11,1,0
BRDA:53,12,0,3
BRDA:53,12,1,12
BRDA:54,13,0,0
BRDA:54,13,1,12
BRDA:56,14,0,0
BRDA:56,14,1,0
BRDA:57,15,0,8
BRDA:57,15,1,4
BRDA:65,16,0,15
BRDA:65,16,1,12
BRF:35
BRH:24
end_of_record
TN:
SF:lib/gameConfigs.ts
FN:23,getGameConfig
FNF:1
FNH:1
FNDA:2,getGameConfig
DA:9,1
DA:17,1
DA:24,2
DA:25,2
LF:4
LH:4
BRDA:24,0,0,2
BRDA:24,0,1,2
BRF:2
BRH:2
end_of_record
TN:
SF:lib/gamesApi.ts
FN:21,normalizeUrl
FN:25,fetchGames
FN:35,(anonymous_2)
FNF:3
FNH:3
FNDA:1,normalizeUrl
FNDA:3,fetchGames
FNDA:1,(anonymous_2)
DA:4,2
DA:22,1
DA:26,3
DA:30,3
DA:31,1
DA:32,1
DA:35,2
DA:36,1
DA:39,1
DA:40,0
DA:42,1
DA:45,1
DA:46,1
DA:49,1
DA:50,1
LF:15
LH:14
BRDA:30,0,0,1
BRDA:30,0,1,2
BRDA:35,1,0,2
BRDA:35,1,1,1
BRDA:36,2,0,1
BRDA:36,2,1,0
BRDA:39,3,0,0
BRDA:39,3,1,1
BRF:8
BRH:6
end_of_record
TN:
SF:lib/generator.ts
FN:11,generateSet
FN:31,(anonymous_1)
FN:32,(anonymous_2)
FNF:3
FNH:3
FNDA:2,generateSet
FNDA:2,(anonymous_1)
FNDA:3,(anonymous_2)
DA:15,2
DA:16,2
DA:17,1
DA:19,1
DA:20,1
DA:21,1
DA:22,1
DA:23,1
DA:25,1
DA:26,1
DA:27,1
DA:28,3
DA:29,3
DA:31,2
DA:32,3
DA:33,1
DA:35,1
LF:17
LH:17
BRDA:13,0,0,1
BRDA:16,1,0,1
BRDA:16,1,1,1
BRDA:29,2,0,3
BRDA:29,2,1,0
BRDA:33,3,0,1
BRDA:33,3,1,0
BRDA:33,4,0,1
BRDA:33,4,1,1
BRF:9
BRH:7
end_of_record
TN:
SF:lib/supabase.ts
FNF:0
FNH:0
DA:6,1
DA:11,1
DA:12,0
DA:15,1
LF:4
LH:3
BRDA:11,0,0,0
BRDA:11,0,1,1
BRDA:11,1,0,1
BRDA:11,1,1,1
BRF:4
BRH:3
end_of_record
TN:
SF:lib/syncDraws.ts
FN:43,extractNumbers
FN:45,(anonymous_1)
FN:46,(anonymous_2)
FN:47,(anonymous_3)
FN:50,formatDateDMY
FN:51,(anonymous_5)
FN:67,syncGame
FN:79,(anonymous_7)
FN:118,syncAllGames
FN:130,(anonymous_9)
FNF:10
FNH:4
FNDA:1,extractNumbers
FNDA:3,(anonymous_1)
FNDA:2,(anonymous_2)
FNDA:2,(anonymous_3)
FNDA:0,formatDateDMY
FNDA:0,(anonymous_5)
FNDA:0,syncGame
FNDA:0,(anonymous_7)
FNDA:0,syncAllGames
FNDA:0,(anonymous_9)
DA:5,1
DA:8,1
DA:9,1
DA:10,1
DA:11,0
DA:15,1
DA:16,1
DA:22,1
DA:32,1
DA:44,1
DA:45,3
DA:46,2
DA:47,2
DA:51,0
DA:52,0
DA:68,0
DA:69,0
DA:70,0
DA:71,0
DA:72,0
DA:73,0
DA:75,0
DA:76,0
DA:77,0
DA:79,0
DA:80,0
DA:81,0
DA:82,0
DA:84,0
DA:85,0
DA:86,0
DA:89,0
DA:90,0
DA:91,0
DA:101,0
DA:105,0
DA:109,0
DA:110,0
DA:111,0
DA:113,0
DA:119,0
DA:121,0
DA:128,1
DA:129,1
DA:130,0
LF:45
LH:14
BRDA:8,0,0,1
BRDA:8,0,1,0
BRDA:9,1,0,1
BRDA:9,1,1,0
BRDA:10,2,0,0
BRDA:10,2,1,1
BRDA:10,3,0,1
BRDA:10,3,1,1
BRDA:73,4,0,0
BRDA:73,4,1,0
BRDA:84,5,0,0
BRDA:84,5,1,0
BRDA:85,6,0,0
BRDA:85,6,1,0
BRDA:90,7,0,0
BRDA:90,7,1,0
BRDA:109,8,0,0
BRDA:109,8,1,0
BRDA:111,9,0,0
BRDA:111,9,1,0
BRDA:128,10,0,1
BRDA:128,10,1,1
BRDA:129,11,0,0
BRDA:129,11,1,1
BRF:24
BRH:8
end_of_record
TN:
SF:lib/theme.tsx
FN:44,(anonymous_0)
FN:73,(anonymous_1)
FN:79,(anonymous_2)
FN:81,(anonymous_3)
FN:91,(anonymous_4)
FN:93,(anonymous_5)
FN:94,(anonymous_6)
FN:103,(anonymous_7)
FN:104,(anonymous_8)
FN:111,(anonymous_9)
FN:112,(anonymous_10)
FNF:11
FNH:6
FNDA:8,(anonymous_0)
FNDA:19,(anonymous_1)
FNDA:0,(anonymous_2)
FNDA:8,(anonymous_3)
FNDA:8,(anonymous_4)
FNDA:8,(anonymous_5)
FNDA:16,(anonymous_6)
FNDA:0,(anonymous_7)
FNDA:0,(anonymous_8)
FNDA:0,(anonymous_9)
FNDA:0,(anonymous_10)
DA:44,5
DA:47,8
DA:51,8
DA:52,0
DA:53,0
DA:54,0
DA:56,8
DA:57,0
DA:58,0
DA:61,8
DA:68,5
DA:69,5
DA:71,5
DA:73,5
DA:74,19
DA:75,19
DA:76,19
DA:79,5
DA:81,5
DA:86,8
DA:87,8
DA:88,8
DA:91,8
DA:92,8
DA:94,8
DA:95,16
DA:96,16
DA:103,8
DA:104,0
DA:105,0
DA:106,0
DA:111,8
DA:112,0
DA:113,0
DA:114,0
DA:115,0
DA:119,8
DA:120,8
DA:122,8
LF:39
LH:27
BRDA:47,0,0,0
BRDA:47,0,1,8
BRDA:51,1,0,0
BRDA:51,1,1,8
BRDA:56,2,0,0
BRDA:56,2,1,8
BRDA:75,3,0,0
BRDA:75,3,1,19
BRDA:86,4,0,8
BRDA:86,4,1,0
BRDA:95,5,0,0
BRDA:95,5,1,16
BRDA:95,6,0,16
BRDA:95,6,1,8
BRDA:96,7,0,0
BRDA:96,7,1,16
BRDA:96,8,0,16
BRDA:96,8,1,8
BRDA:105,9,0,0
BRDA:105,9,1,0
BRDA:113,10,0,0
BRDA:113,10,1,0
BRF:22
BRH:11
end_of_record
TN:
SF:stores/useGamesStore.ts
FN:10,(anonymous_0)
FN:12,(anonymous_1)
FN:13,(anonymous_2)
FN:13,(anonymous_3)
FNF:4
FNH:4
FNDA:2,(anonymous_0)
FNDA:1,(anonymous_1)
FNDA:6,(anonymous_2)
FNDA:6,(anonymous_3)
DA:10,2
DA:12,1
DA:13,6
LF:3
LH:3
BRF:0
BRH:0
end_of_record
TN:
SF:stores/useGeneratedNumbersStore.ts
FN:14,(anonymous_0)
FN:16,(anonymous_1)
FN:17,(anonymous_2)
FN:22,(anonymous_3)
FNF:4
FNH:4
FNDA:2,(anonymous_0)
FNDA:2,(anonymous_1)
FNDA:2,(anonymous_2)
FNDA:2,(anonymous_3)
DA:10,2
DA:12,2
DA:14,2
DA:17,2
DA:18,2
DA:19,2
DA:22,2
LF:7
LH:7
BRDA:18,0,0,2
BRDA:18,0,1,2
BRF:2
BRH:2
end_of_record
TN:
SF:stores/useRegionStore.ts
FN:11,(anonymous_0)
FN:13,(anonymous_1)
FNF:2
FNH:1
FNDA:2,(anonymous_0)
FNDA:0,(anonymous_1)
DA:11,2
DA:13,0
LF:2
LH:1
BRF:0
BRH:0
end_of_record
